

Microchip MPLAB XC8 Assembler V2.31 build 20201012212115 
                                                                                               Wed Feb 24 15:44:30 2021

Microchip MPLAB XC8 C Compiler v2.31 (Free license) build 20201012212115 Og1 
     1                           	processor	16F887
     2                           	pagewidth 120
     3                           	opt	flic
     4                           	psect	cinit,global,class=CODE,merge=1,delta=2
     5                           	psect	bssCOMMON,global,class=COMMON,space=1,delta=1,noexec
     6                           	psect	cstackCOMMON,global,class=COMMON,space=1,delta=1,noexec
     7                           	psect	maintext,global,class=CODE,split=1,delta=2
     8                           	psect	text1,local,class=CODE,merge=1,delta=2
     9                           	psect	text2,local,class=CODE,merge=1,delta=2
    10                           	psect	text3,local,class=CODE,merge=1,delta=2
    11                           	psect	intentry,global,class=CODE,delta=2
    12                           	psect	text4,local,class=CODE,merge=1,delta=2
    13                           	psect	text5,local,class=CODE,merge=1,delta=2
    14                           	psect	text6,local,class=CODE,merge=1,delta=2
    15                           	psect	config,global,abs,ovrld,class=CONFIG,space=4,delta=2,noexec
    16                           	dabs	1,0x7E,2
    17  0000                     
    18                           ; Version 2.20
    19                           ; Generated 12/02/2020 GMT
    20                           ; 
    21                           ; Copyright © 2020, Microchip Technology Inc. and its subsidiaries ("Microchip")
    22                           ; All rights reserved.
    23                           ; 
    24                           ; This software is developed by Microchip Technology Inc. and its subsidiaries ("Microch
      +                          ip").
    25                           ; 
    26                           ; Redistribution and use in source and binary forms, with or without modification, are
    27                           ; permitted provided that the following conditions are met:
    28                           ; 
    29                           ;     1. Redistributions of source code must retain the above copyright notice, this lis
      +                          t of
    30                           ;        conditions and the following disclaimer.
    31                           ; 
    32                           ;     2. Redistributions in binary form must reproduce the above copyright notice, this 
      +                          list
    33                           ;        of conditions and the following disclaimer in the documentation and/or other
    34                           ;        materials provided with the distribution.
    35                           ; 
    36                           ;     3. Microchip's name may not be used to endorse or promote products derived from th
      +                          is
    37                           ;        software without specific prior written permission.
    38                           ; 
    39                           ; THIS SOFTWARE IS PROVIDED BY MICROCHIP "AS IS" AND ANY EXPRESS OR IMPLIED WARRANTIES,
    40                           ; INCLUDING, BUT NOT LIMITED TO, THE IMPLIED WARRANTIES OF MERCHANTABILITY AND FITNESS F
      +                          OR
    41                           ; PURPOSE ARE DISCLAIMED.  IN NO EVENT SHALL MICROCHIP BE LIABLE FOR ANY DIRECT, INDIREC
      +                          T,
    42                           ; INCIDENTAL, SPECIAL, EXEMPLARY, OR CONSEQUENTIAL DAMAGES (INCLUDING BUT NOT LIMITED TO
    43                           ; PROCUREMENT OF SUBSTITUTE GOODS OR SERVICES; LOSS OF USE, DATA OR PROFITS; OR BUSINESS
    44                           ; INTERRUPTION) HOWSOEVER CAUSED AND ON ANY THEORY OF LIABILITY, WHETHER IN CONTRACT, ST
      +                          RICT
    45                           ; LIABILITY, OR TORT (INCLUDING NEGLIGENCE OR OTHERWISE) ARISING IN ANY WAY OUT OF THE U
      +                          SE OF
    46                           ; THIS SOFTWARE, EVEN IF ADVISED OF THE POSSIBILITY OF SUCH DAMAGE.
    47                           ; 
    48                           ; 
    49                           ; Code-generator required, PIC16F887 Definitions
    50                           ; 
    51                           ; SFR Addresses
    52  0000                     	;# 
    53  0001                     	;# 
    54  0002                     	;# 
    55  0003                     	;# 
    56  0004                     	;# 
    57  0005                     	;# 
    58  0006                     	;# 
    59  0007                     	;# 
    60  0008                     	;# 
    61  0009                     	;# 
    62  000A                     	;# 
    63  000B                     	;# 
    64  000C                     	;# 
    65  000D                     	;# 
    66  000E                     	;# 
    67  000E                     	;# 
    68  000F                     	;# 
    69  0010                     	;# 
    70  0011                     	;# 
    71  0012                     	;# 
    72  0013                     	;# 
    73  0014                     	;# 
    74  0015                     	;# 
    75  0015                     	;# 
    76  0016                     	;# 
    77  0017                     	;# 
    78  0018                     	;# 
    79  0019                     	;# 
    80  001A                     	;# 
    81  001B                     	;# 
    82  001B                     	;# 
    83  001C                     	;# 
    84  001D                     	;# 
    85  001E                     	;# 
    86  001F                     	;# 
    87  0081                     	;# 
    88  0085                     	;# 
    89  0086                     	;# 
    90  0087                     	;# 
    91  0088                     	;# 
    92  0089                     	;# 
    93  008C                     	;# 
    94  008D                     	;# 
    95  008E                     	;# 
    96  008F                     	;# 
    97  0090                     	;# 
    98  0091                     	;# 
    99  0092                     	;# 
   100  0093                     	;# 
   101  0093                     	;# 
   102  0093                     	;# 
   103  0094                     	;# 
   104  0095                     	;# 
   105  0096                     	;# 
   106  0097                     	;# 
   107  0098                     	;# 
   108  0099                     	;# 
   109  009A                     	;# 
   110  009B                     	;# 
   111  009C                     	;# 
   112  009D                     	;# 
   113  009E                     	;# 
   114  009F                     	;# 
   115  0105                     	;# 
   116  0107                     	;# 
   117  0108                     	;# 
   118  0109                     	;# 
   119  010C                     	;# 
   120  010C                     	;# 
   121  010D                     	;# 
   122  010E                     	;# 
   123  010F                     	;# 
   124  0185                     	;# 
   125  0187                     	;# 
   126  0188                     	;# 
   127  0189                     	;# 
   128  018C                     	;# 
   129  018D                     	;# 
   130  0000                     	;# 
   131  0001                     	;# 
   132  0002                     	;# 
   133  0003                     	;# 
   134  0004                     	;# 
   135  0005                     	;# 
   136  0006                     	;# 
   137  0007                     	;# 
   138  0008                     	;# 
   139  0009                     	;# 
   140  000A                     	;# 
   141  000B                     	;# 
   142  000C                     	;# 
   143  000D                     	;# 
   144  000E                     	;# 
   145  000E                     	;# 
   146  000F                     	;# 
   147  0010                     	;# 
   148  0011                     	;# 
   149  0012                     	;# 
   150  0013                     	;# 
   151  0014                     	;# 
   152  0015                     	;# 
   153  0015                     	;# 
   154  0016                     	;# 
   155  0017                     	;# 
   156  0018                     	;# 
   157  0019                     	;# 
   158  001A                     	;# 
   159  001B                     	;# 
   160  001B                     	;# 
   161  001C                     	;# 
   162  001D                     	;# 
   163  001E                     	;# 
   164  001F                     	;# 
   165  0081                     	;# 
   166  0085                     	;# 
   167  0086                     	;# 
   168  0087                     	;# 
   169  0088                     	;# 
   170  0089                     	;# 
   171  008C                     	;# 
   172  008D                     	;# 
   173  008E                     	;# 
   174  008F                     	;# 
   175  0090                     	;# 
   176  0091                     	;# 
   177  0092                     	;# 
   178  0093                     	;# 
   179  0093                     	;# 
   180  0093                     	;# 
   181  0094                     	;# 
   182  0095                     	;# 
   183  0096                     	;# 
   184  0097                     	;# 
   185  0098                     	;# 
   186  0099                     	;# 
   187  009A                     	;# 
   188  009B                     	;# 
   189  009C                     	;# 
   190  009D                     	;# 
   191  009E                     	;# 
   192  009F                     	;# 
   193  0105                     	;# 
   194  0107                     	;# 
   195  0108                     	;# 
   196  0109                     	;# 
   197  010C                     	;# 
   198  010C                     	;# 
   199  010D                     	;# 
   200  010E                     	;# 
   201  010F                     	;# 
   202  0185                     	;# 
   203  0187                     	;# 
   204  0188                     	;# 
   205  0189                     	;# 
   206  018C                     	;# 
   207  018D                     	;# 
   208  0000                     	;# 
   209  0001                     	;# 
   210  0002                     	;# 
   211  0003                     	;# 
   212  0004                     	;# 
   213  0005                     	;# 
   214  0006                     	;# 
   215  0007                     	;# 
   216  0008                     	;# 
   217  0009                     	;# 
   218  000A                     	;# 
   219  000B                     	;# 
   220  000C                     	;# 
   221  000D                     	;# 
   222  000E                     	;# 
   223  000E                     	;# 
   224  000F                     	;# 
   225  0010                     	;# 
   226  0011                     	;# 
   227  0012                     	;# 
   228  0013                     	;# 
   229  0014                     	;# 
   230  0015                     	;# 
   231  0015                     	;# 
   232  0016                     	;# 
   233  0017                     	;# 
   234  0018                     	;# 
   235  0019                     	;# 
   236  001A                     	;# 
   237  001B                     	;# 
   238  001B                     	;# 
   239  001C                     	;# 
   240  001D                     	;# 
   241  001E                     	;# 
   242  001F                     	;# 
   243  0081                     	;# 
   244  0085                     	;# 
   245  0086                     	;# 
   246  0087                     	;# 
   247  0088                     	;# 
   248  0089                     	;# 
   249  008C                     	;# 
   250  008D                     	;# 
   251  008E                     	;# 
   252  008F                     	;# 
   253  0090                     	;# 
   254  0091                     	;# 
   255  0092                     	;# 
   256  0093                     	;# 
   257  0093                     	;# 
   258  0093                     	;# 
   259  0094                     	;# 
   260  0095                     	;# 
   261  0096                     	;# 
   262  0097                     	;# 
   263  0098                     	;# 
   264  0099                     	;# 
   265  009A                     	;# 
   266  009B                     	;# 
   267  009C                     	;# 
   268  009D                     	;# 
   269  009E                     	;# 
   270  009F                     	;# 
   271  0105                     	;# 
   272  0107                     	;# 
   273  0108                     	;# 
   274  0109                     	;# 
   275  010C                     	;# 
   276  010C                     	;# 
   277  010D                     	;# 
   278  010E                     	;# 
   279  010F                     	;# 
   280  0185                     	;# 
   281  0187                     	;# 
   282  0188                     	;# 
   283  0189                     	;# 
   284  018C                     	;# 
   285  018D                     	;# 
   286  0000                     	;# 
   287  0001                     	;# 
   288  0002                     	;# 
   289  0003                     	;# 
   290  0004                     	;# 
   291  0005                     	;# 
   292  0006                     	;# 
   293  0007                     	;# 
   294  0008                     	;# 
   295  0009                     	;# 
   296  000A                     	;# 
   297  000B                     	;# 
   298  000C                     	;# 
   299  000D                     	;# 
   300  000E                     	;# 
   301  000E                     	;# 
   302  000F                     	;# 
   303  0010                     	;# 
   304  0011                     	;# 
   305  0012                     	;# 
   306  0013                     	;# 
   307  0014                     	;# 
   308  0015                     	;# 
   309  0015                     	;# 
   310  0016                     	;# 
   311  0017                     	;# 
   312  0018                     	;# 
   313  0019                     	;# 
   314  001A                     	;# 
   315  001B                     	;# 
   316  001B                     	;# 
   317  001C                     	;# 
   318  001D                     	;# 
   319  001E                     	;# 
   320  001F                     	;# 
   321  0081                     	;# 
   322  0085                     	;# 
   323  0086                     	;# 
   324  0087                     	;# 
   325  0088                     	;# 
   326  0089                     	;# 
   327  008C                     	;# 
   328  008D                     	;# 
   329  008E                     	;# 
   330  008F                     	;# 
   331  0090                     	;# 
   332  0091                     	;# 
   333  0092                     	;# 
   334  0093                     	;# 
   335  0093                     	;# 
   336  0093                     	;# 
   337  0094                     	;# 
   338  0095                     	;# 
   339  0096                     	;# 
   340  0097                     	;# 
   341  0098                     	;# 
   342  0099                     	;# 
   343  009A                     	;# 
   344  009B                     	;# 
   345  009C                     	;# 
   346  009D                     	;# 
   347  009E                     	;# 
   348  009F                     	;# 
   349  0105                     	;# 
   350  0107                     	;# 
   351  0108                     	;# 
   352  0109                     	;# 
   353  010C                     	;# 
   354  010C                     	;# 
   355  010D                     	;# 
   356  010E                     	;# 
   357  010F                     	;# 
   358  0185                     	;# 
   359  0187                     	;# 
   360  0188                     	;# 
   361  0189                     	;# 
   362  018C                     	;# 
   363  018D                     	;# 
   364  0000                     	;# 
   365  0001                     	;# 
   366  0002                     	;# 
   367  0003                     	;# 
   368  0004                     	;# 
   369  0005                     	;# 
   370  0006                     	;# 
   371  0007                     	;# 
   372  0008                     	;# 
   373  0009                     	;# 
   374  000A                     	;# 
   375  000B                     	;# 
   376  000C                     	;# 
   377  000D                     	;# 
   378  000E                     	;# 
   379  000E                     	;# 
   380  000F                     	;# 
   381  0010                     	;# 
   382  0011                     	;# 
   383  0012                     	;# 
   384  0013                     	;# 
   385  0014                     	;# 
   386  0015                     	;# 
   387  0015                     	;# 
   388  0016                     	;# 
   389  0017                     	;# 
   390  0018                     	;# 
   391  0019                     	;# 
   392  001A                     	;# 
   393  001B                     	;# 
   394  001B                     	;# 
   395  001C                     	;# 
   396  001D                     	;# 
   397  001E                     	;# 
   398  001F                     	;# 
   399  0081                     	;# 
   400  0085                     	;# 
   401  0086                     	;# 
   402  0087                     	;# 
   403  0088                     	;# 
   404  0089                     	;# 
   405  008C                     	;# 
   406  008D                     	;# 
   407  008E                     	;# 
   408  008F                     	;# 
   409  0090                     	;# 
   410  0091                     	;# 
   411  0092                     	;# 
   412  0093                     	;# 
   413  0093                     	;# 
   414  0093                     	;# 
   415  0094                     	;# 
   416  0095                     	;# 
   417  0096                     	;# 
   418  0097                     	;# 
   419  0098                     	;# 
   420  0099                     	;# 
   421  009A                     	;# 
   422  009B                     	;# 
   423  009C                     	;# 
   424  009D                     	;# 
   425  009E                     	;# 
   426  009F                     	;# 
   427  0105                     	;# 
   428  0107                     	;# 
   429  0108                     	;# 
   430  0109                     	;# 
   431  010C                     	;# 
   432  010C                     	;# 
   433  010D                     	;# 
   434  010E                     	;# 
   435  010F                     	;# 
   436  0185                     	;# 
   437  0187                     	;# 
   438  0188                     	;# 
   439  0189                     	;# 
   440  018C                     	;# 
   441  018D                     	;# 
   442  0000                     	;# 
   443  0001                     	;# 
   444  0002                     	;# 
   445  0003                     	;# 
   446  0004                     	;# 
   447  0005                     	;# 
   448  0006                     	;# 
   449  0007                     	;# 
   450  0008                     	;# 
   451  0009                     	;# 
   452  000A                     	;# 
   453  000B                     	;# 
   454  000C                     	;# 
   455  000D                     	;# 
   456  000E                     	;# 
   457  000E                     	;# 
   458  000F                     	;# 
   459  0010                     	;# 
   460  0011                     	;# 
   461  0012                     	;# 
   462  0013                     	;# 
   463  0014                     	;# 
   464  0015                     	;# 
   465  0015                     	;# 
   466  0016                     	;# 
   467  0017                     	;# 
   468  0018                     	;# 
   469  0019                     	;# 
   470  001A                     	;# 
   471  001B                     	;# 
   472  001B                     	;# 
   473  001C                     	;# 
   474  001D                     	;# 
   475  001E                     	;# 
   476  001F                     	;# 
   477  0081                     	;# 
   478  0085                     	;# 
   479  0086                     	;# 
   480  0087                     	;# 
   481  0088                     	;# 
   482  0089                     	;# 
   483  008C                     	;# 
   484  008D                     	;# 
   485  008E                     	;# 
   486  008F                     	;# 
   487  0090                     	;# 
   488  0091                     	;# 
   489  0092                     	;# 
   490  0093                     	;# 
   491  0093                     	;# 
   492  0093                     	;# 
   493  0094                     	;# 
   494  0095                     	;# 
   495  0096                     	;# 
   496  0097                     	;# 
   497  0098                     	;# 
   498  0099                     	;# 
   499  009A                     	;# 
   500  009B                     	;# 
   501  009C                     	;# 
   502  009D                     	;# 
   503  009E                     	;# 
   504  009F                     	;# 
   505  0105                     	;# 
   506  0107                     	;# 
   507  0108                     	;# 
   508  0109                     	;# 
   509  010C                     	;# 
   510  010C                     	;# 
   511  010D                     	;# 
   512  010E                     	;# 
   513  010F                     	;# 
   514  0185                     	;# 
   515  0187                     	;# 
   516  0188                     	;# 
   517  0189                     	;# 
   518  018C                     	;# 
   519  018D                     	;# 
   520  0000                     	;# 
   521  0001                     	;# 
   522  0002                     	;# 
   523  0003                     	;# 
   524  0004                     	;# 
   525  0005                     	;# 
   526  0006                     	;# 
   527  0007                     	;# 
   528  0008                     	;# 
   529  0009                     	;# 
   530  000A                     	;# 
   531  000B                     	;# 
   532  000C                     	;# 
   533  000D                     	;# 
   534  000E                     	;# 
   535  000E                     	;# 
   536  000F                     	;# 
   537  0010                     	;# 
   538  0011                     	;# 
   539  0012                     	;# 
   540  0013                     	;# 
   541  0014                     	;# 
   542  0015                     	;# 
   543  0015                     	;# 
   544  0016                     	;# 
   545  0017                     	;# 
   546  0018                     	;# 
   547  0019                     	;# 
   548  001A                     	;# 
   549  001B                     	;# 
   550  001B                     	;# 
   551  001C                     	;# 
   552  001D                     	;# 
   553  001E                     	;# 
   554  001F                     	;# 
   555  0081                     	;# 
   556  0085                     	;# 
   557  0086                     	;# 
   558  0087                     	;# 
   559  0088                     	;# 
   560  0089                     	;# 
   561  008C                     	;# 
   562  008D                     	;# 
   563  008E                     	;# 
   564  008F                     	;# 
   565  0090                     	;# 
   566  0091                     	;# 
   567  0092                     	;# 
   568  0093                     	;# 
   569  0093                     	;# 
   570  0093                     	;# 
   571  0094                     	;# 
   572  0095                     	;# 
   573  0096                     	;# 
   574  0097                     	;# 
   575  0098                     	;# 
   576  0099                     	;# 
   577  009A                     	;# 
   578  009B                     	;# 
   579  009C                     	;# 
   580  009D                     	;# 
   581  009E                     	;# 
   582  009F                     	;# 
   583  0105                     	;# 
   584  0107                     	;# 
   585  0108                     	;# 
   586  0109                     	;# 
   587  010C                     	;# 
   588  010C                     	;# 
   589  010D                     	;# 
   590  010E                     	;# 
   591  010F                     	;# 
   592  0185                     	;# 
   593  0187                     	;# 
   594  0188                     	;# 
   595  0189                     	;# 
   596  018C                     	;# 
   597  018D                     	;# 
   598  0013                     _SSPBUF	set	19
   599  0014                     _SSPCONbits	set	20
   600  001F                     _ADCON0bits	set	31
   601  0019                     _TXREG	set	25
   602  001A                     _RCREG	set	26
   603  0018                     _RCSTA	set	24
   604  0006                     _PORTBbits	set	6
   605  000C                     _PIR1bits	set	12
   606  000B                     _INTCONbits	set	11
   607  0009                     _PORTE	set	9
   608  0007                     _PORTC	set	7
   609  0006                     _PORTB	set	6
   610  0005                     _PORTA	set	5
   611  0008                     _PORTD	set	8
   612  0063                     _SSPIF	set	99
   613  004A                     _RE2	set	74
   614  0049                     _RE1	set	73
   615  0048                     _RE0	set	72
   616  0085                     _TRISAbits	set	133
   617  0087                     _TRISCbits	set	135
   618  0094                     _SSPSTATbits	set	148
   619  0096                     _IOCBbits	set	150
   620  0086                     _TRISBbits	set	134
   621  009F                     _ADCON1bits	set	159
   622  0098                     _TXSTAbits	set	152
   623  0098                     _TXSTA	set	152
   624  0099                     _SPBRG	set	153
   625  009A                     _SPBRGH	set	154
   626  008C                     _PIE1bits	set	140
   627  0089                     _TRISE	set	137
   628  0087                     _TRISC	set	135
   629  0088                     _TRISD	set	136
   630  0086                     _TRISB	set	134
   631  0085                     _TRISA	set	133
   632  008F                     _OSCCONbits	set	143
   633  0187                     _BAUDCTLbits	set	391
   634  0189                     _ANSELH	set	393
   635  0188                     _ANSEL	set	392
   636                           
   637                           	psect	cinit
   638  000F                     start_initialization:	
   639                           ; #config settings
   640                           
   641  000F                     __initialization:
   642                           
   643                           ; Clear objects allocated to COMMON
   644  000F  01F6               	clrf	__pbssCOMMON& (0+127)
   645  0010  01F7               	clrf	(__pbssCOMMON+1)& (0+127)
   646  0011  01F8               	clrf	(__pbssCOMMON+2)& (0+127)
   647  0012  01F9               	clrf	(__pbssCOMMON+3)& (0+127)
   648  0013  01FA               	clrf	(__pbssCOMMON+4)& (0+127)
   649  0014                     end_of_initialization:	
   650                           ;End of C runtime variable initialization code
   651                           
   652  0014                     __end_of__initialization:
   653  0014  0183               	clrf	3
   654  0015  120A  118A  2818   	ljmp	_main	;jump to C main() function
   655                           
   656                           	psect	bssCOMMON
   657  0076                     __pbssCOMMON:
   658  0076                     _dummy:
   659  0076                     	ds	1
   660  0077                     _ContadorID:
   661  0077                     	ds	1
   662  0078                     _Dec:
   663  0078                     	ds	1
   664  0079                     _Inc:
   665  0079                     	ds	1
   666  007A                     _ADC1ADRESH:
   667  007A                     	ds	1
   668                           
   669                           	psect	cstackCOMMON
   670  0070                     __pcstackCOMMON:
   671  0070                     ?_SPISlave:
   672  0070                     ?_IOCInit:	
   673                           ; 1 bytes @ 0x0
   674                           
   675  0070                     ?_Contador:	
   676                           ; 1 bytes @ 0x0
   677                           
   678  0070                     ??_Contador:	
   679                           ; 1 bytes @ 0x0
   680                           
   681  0070                     ?_spiRead:	
   682                           ; 1 bytes @ 0x0
   683                           
   684  0070                     ??_spiRead:	
   685                           ; 1 bytes @ 0x0
   686                           
   687  0070                     ?_spiWrite:	
   688                           ; 1 bytes @ 0x0
   689                           
   690  0070                     ??_spiWrite:	
   691                           ; 1 bytes @ 0x0
   692                           
   693  0070                     ?_main:	
   694                           ; 1 bytes @ 0x0
   695                           
   696  0070                     ?_ISR:	
   697                           ; 1 bytes @ 0x0
   698                           
   699  0070                     spiWrite@dat:	
   700                           ; 1 bytes @ 0x0
   701                           
   702                           
   703                           ; 1 bytes @ 0x0
   704  0070                     	ds	1
   705  0071                     ??_ISR:
   706                           
   707                           ; 1 bytes @ 0x1
   708  0071                     	ds	3
   709  0074                     ??_SPISlave:
   710  0074                     ??_IOCInit:	
   711                           ; 1 bytes @ 0x4
   712                           
   713  0074                     ??_main:	
   714                           ; 1 bytes @ 0x4
   715                           
   716                           
   717                           ; 1 bytes @ 0x4
   718  0074                     	ds	2
   719                           
   720                           	psect	maintext
   721  0018                     __pmaintext:	
   722 ;;
   723 ;;Main: autosize = 0, tempsize = 2, incstack = 0, save=0
   724 ;;
   725 ;; *************** function _main *****************
   726 ;; Defined at:
   727 ;;		line 58 in file "main.c"
   728 ;; Parameters:    Size  Location     Type
   729 ;;		None
   730 ;; Auto vars:     Size  Location     Type
   731 ;;		None
   732 ;; Return value:  Size  Location     Type
   733 ;;                  1    wreg      void 
   734 ;; Registers used:
   735 ;;		wreg, status,2, status,0, pclath, cstack
   736 ;; Tracked objects:
   737 ;;		On entry : B00/0
   738 ;;		On exit  : 0/0
   739 ;;		Unchanged: 0/0
   740 ;; Data sizes:     COMMON   BANK0   BANK1   BANK3   BANK2
   741 ;;      Params:         0       0       0       0       0
   742 ;;      Locals:         0       0       0       0       0
   743 ;;      Temps:          2       0       0       0       0
   744 ;;      Totals:         2       0       0       0       0
   745 ;;Total ram usage:        2 bytes
   746 ;; Hardware stack levels required when called:    3
   747 ;; This function calls:
   748 ;;		_IOCInit
   749 ;;		_SPISlave
   750 ;; This function is called by:
   751 ;;		Startup code after reset
   752 ;; This function uses a non-reentrant model
   753 ;;
   754                           
   755                           
   756                           ;psect for function _main
   757  0018                     _main:
   758  0018                     l911:	
   759                           ;incstack = 0
   760                           ; Regs used in _main: [wreg+status,2+status,0+pclath+cstack]
   761                           
   762                           
   763                           ;main.c: 61:     {
   764  0018  3070               	movlw	112
   765  0019  1683               	bsf	3,5	;RP0=1, select bank1
   766  001A  1303               	bcf	3,6	;RP1=0, select bank1
   767  001B  048F               	iorwf	15,f	;volatile
   768  001C                     l913:
   769                           
   770                           ;main.c: 62:         dummy = spiRead();
   771  001C  118F               	bcf	15,3	;volatile
   772  001D                     l915:
   773                           
   774                           ;main.c: 63:         spiWrite(ContadorID);
   775  001D  110F               	bcf	15,2	;volatile
   776  001E                     l917:
   777                           
   778                           ;main.c: 64:         SSPIF = 0;
   779  001E  108F               	bcf	15,1	;volatile
   780  001F                     l919:
   781                           
   782                           ;main.c: 65:     }
   783  001F  140F               	bsf	15,0	;volatile
   784  0020                     l921:
   785                           
   786                           ;main.c: 68: void Contador(void) {
   787  0020  1683               	bsf	3,5	;RP0=1, select bank3
   788  0021  1703               	bsf	3,6	;RP1=1, select bank3
   789  0022  0188               	clrf	8	;volatile
   790  0023                     l923:
   791                           
   792                           ;main.c: 69:     if (PORTBbits.RB0 == 1) {
   793  0023  0189               	clrf	9	;volatile
   794  0024                     l925:
   795                           
   796                           ;main.c: 70:         Inc = 1;
   797  0024  3020               	movlw	32
   798  0025  1683               	bsf	3,5	;RP0=1, select bank1
   799  0026  1303               	bcf	3,6	;RP1=0, select bank1
   800  0027  0085               	movwf	5	;volatile
   801  0028                     l927:
   802                           
   803                           ;main.c: 71:     }
   804  0028  3003               	movlw	3
   805  0029  0086               	movwf	6	;volatile
   806  002A                     l929:
   807                           
   808                           ;main.c: 72:     if (PORTBbits.RB0 == 0 && Inc == 1) {
   809  002A  0188               	clrf	8	;volatile
   810  002B                     l931:
   811                           
   812                           ;main.c: 73:         Inc = 0;
   813  002B  3018               	movlw	24
   814  002C  0087               	movwf	7	;volatile
   815  002D                     l933:
   816                           
   817                           ;main.c: 74:         ContadorID=ContadorID+1;
   818  002D  0189               	clrf	9	;volatile
   819  002E                     l935:
   820                           
   821                           ;main.c: 75:     }
   822  002E  1283               	bcf	3,5	;RP0=0, select bank0
   823  002F  1303               	bcf	3,6	;RP1=0, select bank0
   824  0030  0185               	clrf	5	;volatile
   825  0031                     l937:
   826                           
   827                           ;main.c: 76:     if (PORTBbits.RB1 == 1) {
   828  0031  0186               	clrf	6	;volatile
   829  0032                     l939:
   830                           
   831                           ;main.c: 77:         Dec = 1;
   832  0032  0187               	clrf	7	;volatile
   833  0033                     l941:
   834                           
   835                           ;main.c: 78:     }
   836  0033  0188               	clrf	8	;volatile
   837  0034                     l943:
   838                           
   839                           ;main.c: 79:     if (PORTBbits.RB1 == 0 && Dec == 1) {
   840  0034  0189               	clrf	9	;volatile
   841  0035                     l945:
   842                           
   843                           ;main.c: 80:         Dec = 0;
   844  0035  1683               	bsf	3,5	;RP0=1, select bank1
   845  0036  1303               	bcf	3,6	;RP1=0, select bank1
   846  0037  158C               	bsf	12,3	;volatile
   847  0038                     l947:
   848                           
   849                           ;main.c: 81:         ContadorID=ContadorID-1;
   850  0038  178B               	bsf	11,7	;volatile
   851  0039                     l949:
   852                           
   853                           ;main.c: 82:     }
   854  0039  170B               	bsf	11,6	;volatile
   855  003A                     l951:
   856                           
   857                           ;main.c: 83: 
   858  003A  1283               	bcf	3,5	;RP0=0, select bank0
   859  003B  1303               	bcf	3,6	;RP1=0, select bank0
   860  003C  118C               	bcf	12,3	;volatile
   861  003D                     l953:
   862                           
   863                           ;main.c: 84: }
   864  003D  120A  118A  20AE  120A  118A  	fcall	_SPISlave
   865  0042                     l955:
   866  0042  120A  118A  20C7  120A  118A  	fcall	_IOCInit
   867  0047                     l957:
   868  0047  0877               	movf	_ContadorID,w
   869  0048  1283               	bcf	3,5	;RP0=0, select bank0
   870  0049  1303               	bcf	3,6	;RP1=0, select bank0
   871  004A  0088               	movwf	8	;volatile
   872  004B                     l959:
   873  004B  301A               	movlw	26
   874  004C  00F5               	movwf	??_main+1
   875  004D  30F8               	movlw	248
   876  004E  00F4               	movwf	??_main
   877  004F                     u147:
   878  004F  0BF4               	decfsz	??_main,f
   879  0050  284F               	goto	u147
   880  0051  0BF5               	decfsz	??_main+1,f
   881  0052  284F               	goto	u147
   882  0053  0000               	nop
   883  0054  2842               	goto	l955
   884  0055  120A  118A  280C   	ljmp	start
   885  0058                     __end_of_main:
   886                           
   887                           	psect	text1
   888  00AE                     __ptext1:	
   889 ;; *************** function _SPISlave *****************
   890 ;; Defined at:
   891 ;;		line 44 in file "spi.c"
   892 ;; Parameters:    Size  Location     Type
   893 ;;		None
   894 ;; Auto vars:     Size  Location     Type
   895 ;;		None
   896 ;; Return value:  Size  Location     Type
   897 ;;                  1    wreg      void 
   898 ;; Registers used:
   899 ;;		wreg, status,2, status,0
   900 ;; Tracked objects:
   901 ;;		On entry : 0/0
   902 ;;		On exit  : 0/0
   903 ;;		Unchanged: 0/0
   904 ;; Data sizes:     COMMON   BANK0   BANK1   BANK3   BANK2
   905 ;;      Params:         0       0       0       0       0
   906 ;;      Locals:         0       0       0       0       0
   907 ;;      Temps:          0       0       0       0       0
   908 ;;      Totals:         0       0       0       0       0
   909 ;;Total ram usage:        0 bytes
   910 ;; Hardware stack levels used:    1
   911 ;; Hardware stack levels required when called:    2
   912 ;; This function calls:
   913 ;;		Nothing
   914 ;; This function is called by:
   915 ;;		_main
   916 ;; This function uses a non-reentrant model
   917 ;;
   918                           
   919                           
   920                           ;psect for function _SPISlave
   921  00AE                     _SPISlave:
   922  00AE                     l851:	
   923                           ;incstack = 0
   924                           ; Regs used in _SPISlave: [wreg+status,2+status,0]
   925                           
   926                           
   927                           ;spi.c: 46:     SSPSTATbits.SMP = 0;
   928  00AE  1683               	bsf	3,5	;RP0=1, select bank1
   929  00AF  1303               	bcf	3,6	;RP1=0, select bank1
   930  00B0  1394               	bcf	20,7	;volatile
   931                           
   932                           ;spi.c: 47:     SSPSTATbits.CKE = 0;
   933  00B1  1314               	bcf	20,6	;volatile
   934                           
   935                           ;spi.c: 48:     SSPCONbits.SSPEN = 1;
   936  00B2  1283               	bcf	3,5	;RP0=0, select bank0
   937  00B3  1303               	bcf	3,6	;RP1=0, select bank0
   938  00B4  1694               	bsf	20,5	;volatile
   939                           
   940                           ;spi.c: 49:     SSPCONbits.CKP = 1;
   941  00B5  1614               	bsf	20,4	;volatile
   942  00B6                     l853:
   943                           
   944                           ;spi.c: 50:     SSPCONbits.SSPM = 0b0100;
   945  00B6  0814               	movf	20,w	;volatile
   946  00B7  39F0               	andlw	-16
   947  00B8  3804               	iorlw	4
   948  00B9  0094               	movwf	20	;volatile
   949  00BA                     l855:
   950                           
   951                           ;spi.c: 52:     TRISCbits.TRISC5 = 0;
   952  00BA  1683               	bsf	3,5	;RP0=1, select bank1
   953  00BB  1303               	bcf	3,6	;RP1=0, select bank1
   954  00BC  1287               	bcf	7,5	;volatile
   955  00BD                     l857:
   956                           
   957                           ;spi.c: 53:     TRISCbits.TRISC4 = 0;
   958  00BD  1207               	bcf	7,4	;volatile
   959  00BE                     l859:
   960                           
   961                           ;spi.c: 54:     TRISCbits.TRISC3 = 1;
   962  00BE  1587               	bsf	7,3	;volatile
   963  00BF                     l861:
   964                           
   965                           ;spi.c: 55:     TRISAbits.TRISA5 = 1;
   966  00BF  1685               	bsf	5,5	;volatile
   967  00C0                     l863:
   968                           
   969                           ;spi.c: 57:     PIE1bits.SSPIE = 1;
   970  00C0  158C               	bsf	12,3	;volatile
   971  00C1                     l865:
   972                           
   973                           ;spi.c: 58:     INTCONbits.GIE = 1;
   974  00C1  178B               	bsf	11,7	;volatile
   975  00C2                     l867:
   976                           
   977                           ;spi.c: 59:     INTCONbits.PEIE = 1;
   978  00C2  170B               	bsf	11,6	;volatile
   979  00C3                     l869:
   980                           
   981                           ;spi.c: 60:     PIR1bits.SSPIF = 0;
   982  00C3  1283               	bcf	3,5	;RP0=0, select bank0
   983  00C4  1303               	bcf	3,6	;RP1=0, select bank0
   984  00C5  118C               	bcf	12,3	;volatile
   985  00C6                     l204:
   986  00C6  0008               	return
   987  00C7                     __end_of_SPISlave:
   988                           
   989                           	psect	text2
   990  00C7                     __ptext2:	
   991 ;; *************** function _IOCInit *****************
   992 ;; Defined at:
   993 ;;		line 24 in file "IOCPORTB.c"
   994 ;; Parameters:    Size  Location     Type
   995 ;;		None
   996 ;; Auto vars:     Size  Location     Type
   997 ;;		None
   998 ;; Return value:  Size  Location     Type
   999 ;;                  1    wreg      void 
  1000 ;; Registers used:
  1001 ;;		None
  1002 ;; Tracked objects:
  1003 ;;		On entry : 0/0
  1004 ;;		On exit  : 0/0
  1005 ;;		Unchanged: 0/0
  1006 ;; Data sizes:     COMMON   BANK0   BANK1   BANK3   BANK2
  1007 ;;      Params:         0       0       0       0       0
  1008 ;;      Locals:         0       0       0       0       0
  1009 ;;      Temps:          0       0       0       0       0
  1010 ;;      Totals:         0       0       0       0       0
  1011 ;;Total ram usage:        0 bytes
  1012 ;; Hardware stack levels used:    1
  1013 ;; Hardware stack levels required when called:    2
  1014 ;; This function calls:
  1015 ;;		Nothing
  1016 ;; This function is called by:
  1017 ;;		_main
  1018 ;; This function uses a non-reentrant model
  1019 ;;
  1020                           
  1021                           
  1022                           ;psect for function _IOCInit
  1023  00C7                     _IOCInit:
  1024  00C7                     l871:	
  1025                           ;incstack = 0
  1026                           ; Regs used in _IOCInit: []
  1027                           
  1028                           
  1029                           ;IOCPORTB.c: 25:     INTCONbits.GIE = 1;
  1030  00C7  178B               	bsf	11,7	;volatile
  1031                           
  1032                           ;IOCPORTB.c: 26:     INTCONbits.PEIE = 1;
  1033  00C8  170B               	bsf	11,6	;volatile
  1034                           
  1035                           ;IOCPORTB.c: 27:     INTCONbits.RBIE =1;
  1036  00C9  158B               	bsf	11,3	;volatile
  1037                           
  1038                           ;IOCPORTB.c: 28:     INTCONbits.RBIF =0;
  1039  00CA  100B               	bcf	11,0	;volatile
  1040                           
  1041                           ;IOCPORTB.c: 29:     TRISBbits.TRISB0 = 1;
  1042  00CB  1683               	bsf	3,5	;RP0=1, select bank1
  1043  00CC  1303               	bcf	3,6	;RP1=0, select bank1
  1044  00CD  1406               	bsf	6,0	;volatile
  1045                           
  1046                           ;IOCPORTB.c: 30:     TRISBbits.TRISB1 = 1;
  1047  00CE  1486               	bsf	6,1	;volatile
  1048                           
  1049                           ;IOCPORTB.c: 31:     IOCBbits.IOCB0 = 1;
  1050  00CF  1416               	bsf	22,0	;volatile
  1051                           
  1052                           ;IOCPORTB.c: 32:     IOCBbits.IOCB1 = 1;
  1053  00D0  1496               	bsf	22,1	;volatile
  1054  00D1                     l180:
  1055  00D1  0008               	return
  1056  00D2                     __end_of_IOCInit:
  1057                           
  1058                           	psect	text3
  1059  0085                     __ptext3:	
  1060 ;; *************** function _ISR *****************
  1061 ;; Defined at:
  1062 ;;		line 98 in file "main.c"
  1063 ;; Parameters:    Size  Location     Type
  1064 ;;		None
  1065 ;; Auto vars:     Size  Location     Type
  1066 ;;		None
  1067 ;; Return value:  Size  Location     Type
  1068 ;;                  1    wreg      void 
  1069 ;; Registers used:
  1070 ;;		wreg, status,2, status,0, pclath, cstack
  1071 ;; Tracked objects:
  1072 ;;		On entry : 0/0
  1073 ;;		On exit  : 0/0
  1074 ;;		Unchanged: 0/0
  1075 ;; Data sizes:     COMMON   BANK0   BANK1   BANK3   BANK2
  1076 ;;      Params:         0       0       0       0       0
  1077 ;;      Locals:         0       0       0       0       0
  1078 ;;      Temps:          3       0       0       0       0
  1079 ;;      Totals:         3       0       0       0       0
  1080 ;;Total ram usage:        3 bytes
  1081 ;; Hardware stack levels used:    1
  1082 ;; Hardware stack levels required when called:    1
  1083 ;; This function calls:
  1084 ;;		_Contador
  1085 ;;		_spiRead
  1086 ;;		_spiWrite
  1087 ;; This function is called by:
  1088 ;;		Interrupt level 1
  1089 ;; This function uses a non-reentrant model
  1090 ;;
  1091                           
  1092                           
  1093                           ;psect for function _ISR
  1094  0085                     _ISR:
  1095  0085                     i1l961:
  1096  0085  1C0B               	btfss	11,0	;volatile
  1097  0086  2888               	goto	u10_21
  1098  0087  2889               	goto	u10_20
  1099  0088                     u10_21:
  1100  0088  2890               	goto	i1l108
  1101  0089                     u10_20:
  1102  0089                     i1l963:
  1103  0089  120A  118A  2058  120A  118A  	fcall	_Contador
  1104  008E                     i1l965:
  1105  008E  100B               	bcf	11,0	;volatile
  1106  008F  28A7               	goto	i1l109
  1107  0090                     i1l108:
  1108  0090  1283               	bcf	3,5	;RP0=0, select bank0
  1109  0091  1303               	bcf	3,6	;RP1=0, select bank0
  1110  0092  1D8C               	btfss	12,3	;volatile
  1111  0093  2895               	goto	u11_21
  1112  0094  2896               	goto	u11_20
  1113  0095                     u11_21:
  1114  0095  28A7               	goto	i1l109
  1115  0096                     u11_20:
  1116  0096                     i1l969:
  1117  0096  120A  118A  20D2  120A  118A  	fcall	_spiRead
  1118  009B  00F1               	movwf	??_ISR
  1119  009C  0871               	movf	??_ISR,w
  1120  009D  00F6               	movwf	_dummy
  1121  009E                     i1l971:
  1122  009E  0877               	movf	_ContadorID,w
  1123  009F  120A  118A  20DC  120A  118A  	fcall	_spiWrite
  1124  00A4                     i1l973:
  1125  00A4  1283               	bcf	3,5	;RP0=0, select bank0
  1126  00A5  1303               	bcf	3,6	;RP1=0, select bank0
  1127  00A6  118C               	bcf	12,3	;volatile
  1128  00A7                     i1l109:
  1129  00A7  0873               	movf	??_ISR+2,w
  1130  00A8  008A               	movwf	10
  1131  00A9  0E72               	swapf	??_ISR+1,w
  1132  00AA  0083               	movwf	3
  1133  00AB  0EFE               	swapf	btemp,f
  1134  00AC  0E7E               	swapf	btemp,w
  1135  00AD  0009               	retfie
  1136  00AE                     __end_of_ISR:
  1137                           
  1138                           	psect	intentry
  1139  0004                     __pintentry:	
  1140                           ;incstack = 0
  1141                           ; Regs used in _ISR: [wreg+status,2+status,0+pclath+cstack]
  1142                           
  1143  0004                     interrupt_function:
  1144  007E                     saved_w	set	btemp
  1145  0004  00FE               	movwf	btemp
  1146  0005  0E03               	swapf	3,w
  1147  0006  00F2               	movwf	??_ISR+1
  1148  0007  080A               	movf	10,w
  1149  0008  00F3               	movwf	??_ISR+2
  1150  0009  120A  118A  2885   	ljmp	_ISR
  1151                           
  1152                           	psect	text4
  1153  00DC                     __ptext4:	
  1154 ;; *************** function _spiWrite *****************
  1155 ;; Defined at:
  1156 ;;		line 68 in file "spi.c"
  1157 ;; Parameters:    Size  Location     Type
  1158 ;;  dat             1    wreg     unsigned char 
  1159 ;; Auto vars:     Size  Location     Type
  1160 ;;  dat             1    0[COMMON] unsigned char 
  1161 ;; Return value:  Size  Location     Type
  1162 ;;                  1    wreg      void 
  1163 ;; Registers used:
  1164 ;;		wreg
  1165 ;; Tracked objects:
  1166 ;;		On entry : 0/0
  1167 ;;		On exit  : 0/0
  1168 ;;		Unchanged: 0/0
  1169 ;; Data sizes:     COMMON   BANK0   BANK1   BANK3   BANK2
  1170 ;;      Params:         0       0       0       0       0
  1171 ;;      Locals:         1       0       0       0       0
  1172 ;;      Temps:          0       0       0       0       0
  1173 ;;      Totals:         1       0       0       0       0
  1174 ;;Total ram usage:        1 bytes
  1175 ;; Hardware stack levels used:    1
  1176 ;; This function calls:
  1177 ;;		Nothing
  1178 ;; This function is called by:
  1179 ;;		_ISR
  1180 ;; This function uses a non-reentrant model
  1181 ;;
  1182                           
  1183                           
  1184                           ;psect for function _spiWrite
  1185  00DC                     _spiWrite:
  1186                           
  1187                           ;incstack = 0
  1188                           ; Regs used in _spiWrite: [wreg]
  1189                           ;spiWrite@dat stored from wreg
  1190  00DC  00F0               	movwf	spiWrite@dat
  1191  00DD                     i1l899:
  1192                           
  1193                           ;spi.c: 69:     SSPBUF = dat;
  1194  00DD  0870               	movf	spiWrite@dat,w
  1195  00DE  1283               	bcf	3,5	;RP0=0, select bank0
  1196  00DF  1303               	bcf	3,6	;RP1=0, select bank0
  1197  00E0  0093               	movwf	19	;volatile
  1198  00E1                     i1l213:
  1199  00E1  0008               	return
  1200  00E2                     __end_of_spiWrite:
  1201                           
  1202                           	psect	text5
  1203  00D2                     __ptext5:	
  1204 ;; *************** function _spiRead *****************
  1205 ;; Defined at:
  1206 ;;		line 63 in file "spi.c"
  1207 ;; Parameters:    Size  Location     Type
  1208 ;;		None
  1209 ;; Auto vars:     Size  Location     Type
  1210 ;;		None
  1211 ;; Return value:  Size  Location     Type
  1212 ;;                  1    wreg      unsigned char 
  1213 ;; Registers used:
  1214 ;;		wreg
  1215 ;; Tracked objects:
  1216 ;;		On entry : 0/0
  1217 ;;		On exit  : 0/0
  1218 ;;		Unchanged: 0/0
  1219 ;; Data sizes:     COMMON   BANK0   BANK1   BANK3   BANK2
  1220 ;;      Params:         0       0       0       0       0
  1221 ;;      Locals:         0       0       0       0       0
  1222 ;;      Temps:          0       0       0       0       0
  1223 ;;      Totals:         0       0       0       0       0
  1224 ;;Total ram usage:        0 bytes
  1225 ;; Hardware stack levels used:    1
  1226 ;; This function calls:
  1227 ;;		Nothing
  1228 ;; This function is called by:
  1229 ;;		_ISR
  1230 ;; This function uses a non-reentrant model
  1231 ;;
  1232                           
  1233                           
  1234                           ;psect for function _spiRead
  1235  00D2                     _spiRead:
  1236  00D2                     i1l893:	
  1237                           ;incstack = 0
  1238                           ; Regs used in _spiRead: [wreg]
  1239                           
  1240  00D2                     i1l207:	
  1241                           ;spi.c: 64:     while (!SSPSTATbits.BF);
  1242                           
  1243  00D2  1683               	bsf	3,5	;RP0=1, select bank1
  1244  00D3  1303               	bcf	3,6	;RP1=0, select bank1
  1245  00D4  1C14               	btfss	20,0	;volatile
  1246  00D5  28D7               	goto	u8_21
  1247  00D6  28D8               	goto	u8_20
  1248  00D7                     u8_21:
  1249  00D7  28D2               	goto	i1l207
  1250  00D8                     u8_20:
  1251  00D8                     i1l895:
  1252                           
  1253                           ;spi.c: 65:     return (SSPBUF);
  1254  00D8  1283               	bcf	3,5	;RP0=0, select bank0
  1255  00D9  1303               	bcf	3,6	;RP1=0, select bank0
  1256  00DA  0813               	movf	19,w	;volatile
  1257  00DB                     i1l210:
  1258  00DB  0008               	return
  1259  00DC                     __end_of_spiRead:
  1260                           
  1261                           	psect	text6
  1262  0058                     __ptext6:	
  1263 ;; *************** function _Contador *****************
  1264 ;; Defined at:
  1265 ;;		line 112 in file "main.c"
  1266 ;; Parameters:    Size  Location     Type
  1267 ;;		None
  1268 ;; Auto vars:     Size  Location     Type
  1269 ;;		None
  1270 ;; Return value:  Size  Location     Type
  1271 ;;                  1    wreg      void 
  1272 ;; Registers used:
  1273 ;;		wreg, status,2, status,0
  1274 ;; Tracked objects:
  1275 ;;		On entry : 0/0
  1276 ;;		On exit  : 0/0
  1277 ;;		Unchanged: 0/0
  1278 ;; Data sizes:     COMMON   BANK0   BANK1   BANK3   BANK2
  1279 ;;      Params:         0       0       0       0       0
  1280 ;;      Locals:         0       0       0       0       0
  1281 ;;      Temps:          1       0       0       0       0
  1282 ;;      Totals:         1       0       0       0       0
  1283 ;;Total ram usage:        1 bytes
  1284 ;; Hardware stack levels used:    1
  1285 ;; This function calls:
  1286 ;;		Nothing
  1287 ;; This function is called by:
  1288 ;;		_ISR
  1289 ;; This function uses a non-reentrant model
  1290 ;;
  1291                           
  1292                           
  1293                           ;psect for function _Contador
  1294  0058                     _Contador:
  1295  0058                     i1l873:	
  1296                           ;incstack = 0
  1297                           ; Regs used in _Contador: [wreg+status,2+status,0]
  1298                           
  1299  0058  1283               	bcf	3,5	;RP0=0, select bank0
  1300  0059  1303               	bcf	3,6	;RP1=0, select bank0
  1301  005A  1C06               	btfss	6,0	;volatile
  1302  005B  285D               	goto	u2_21
  1303  005C  285E               	goto	u2_20
  1304  005D                     u2_21:
  1305  005D  2860               	goto	i1l113
  1306  005E                     u2_20:
  1307  005E                     i1l875:
  1308  005E  01F9               	clrf	_Inc
  1309  005F  0AF9               	incf	_Inc,f
  1310  0060                     i1l113:
  1311  0060  1806               	btfsc	6,0	;volatile
  1312  0061  2863               	goto	u3_21
  1313  0062  2864               	goto	u3_20
  1314  0063                     u3_21:
  1315  0063  286F               	goto	i1l883
  1316  0064                     u3_20:
  1317  0064                     i1l877:
  1318  0064  0379               	decf	_Inc,w
  1319  0065  1D03               	btfss	3,2
  1320  0066  2868               	goto	u4_21
  1321  0067  2869               	goto	u4_20
  1322  0068                     u4_21:
  1323  0068  286F               	goto	i1l883
  1324  0069                     u4_20:
  1325  0069                     i1l879:
  1326  0069  01F9               	clrf	_Inc
  1327  006A                     i1l881:
  1328  006A  0877               	movf	_ContadorID,w
  1329  006B  3E01               	addlw	1
  1330  006C  00F0               	movwf	??_Contador
  1331  006D  0870               	movf	??_Contador,w
  1332  006E  00F7               	movwf	_ContadorID
  1333  006F                     i1l883:
  1334  006F  1C86               	btfss	6,1	;volatile
  1335  0070  2872               	goto	u5_21
  1336  0071  2873               	goto	u5_20
  1337  0072                     u5_21:
  1338  0072  2875               	goto	i1l115
  1339  0073                     u5_20:
  1340  0073                     i1l885:
  1341  0073  01F8               	clrf	_Dec
  1342  0074  0AF8               	incf	_Dec,f
  1343  0075                     i1l115:
  1344  0075  1886               	btfsc	6,1	;volatile
  1345  0076  2878               	goto	u6_21
  1346  0077  2879               	goto	u6_20
  1347  0078                     u6_21:
  1348  0078  2884               	goto	i1l117
  1349  0079                     u6_20:
  1350  0079                     i1l887:
  1351  0079  0378               	decf	_Dec,w
  1352  007A  1D03               	btfss	3,2
  1353  007B  287D               	goto	u7_21
  1354  007C  287E               	goto	u7_20
  1355  007D                     u7_21:
  1356  007D  2884               	goto	i1l117
  1357  007E                     u7_20:
  1358  007E                     i1l889:
  1359  007E  01F8               	clrf	_Dec
  1360  007F                     i1l891:
  1361  007F  0877               	movf	_ContadorID,w
  1362  0080  3EFF               	addlw	255
  1363  0081  00F0               	movwf	??_Contador
  1364  0082  0870               	movf	??_Contador,w
  1365  0083  00F7               	movwf	_ContadorID
  1366  0084                     i1l117:
  1367  0084  0008               	return
  1368  0085                     __end_of_Contador:
  1369  007E                     btemp	set	126	;btemp
  1370  007E                     wtemp0	set	126
  1371                           
  1372                           	psect	config
  1373                           
  1374                           ;Config register CONFIG1 @ 0x2007
  1375                           ;	Oscillator Selection bits
  1376                           ;	FOSC = INTRC_NOCLKOUT, INTOSCIO oscillator: I/O function on RA6/OSC2/CLKOUT pin, I/O f
      +                          unction on RA7/OSC1/CLKIN
  1377                           ;	Watchdog Timer Enable bit
  1378                           ;	WDTE = OFF, WDT disabled and can be enabled by SWDTEN bit of the WDTCON register
  1379                           ;	Power-up Timer Enable bit
  1380                           ;	PWRTE = OFF, PWRT disabled
  1381                           ;	RE3/MCLR pin function select bit
  1382                           ;	MCLRE = OFF, RE3/MCLR pin function is digital input, MCLR internally tied to VDD
  1383                           ;	Code Protection bit
  1384                           ;	CP = OFF, Program memory code protection is disabled
  1385                           ;	Data Code Protection bit
  1386                           ;	CPD = OFF, Data memory code protection is disabled
  1387                           ;	Brown Out Reset Selection bits
  1388                           ;	BOREN = OFF, BOR disabled
  1389                           ;	Internal External Switchover bit
  1390                           ;	IESO = OFF, Internal/External Switchover mode is disabled
  1391                           ;	Fail-Safe Clock Monitor Enabled bit
  1392                           ;	FCMEN = OFF, Fail-Safe Clock Monitor is disabled
  1393                           ;	Low Voltage Programming Enable bit
  1394                           ;	LVP = OFF, RB3 pin has digital I/O, HV on MCLR must be used for programming
  1395                           ;	In-Circuit Debugger Mode bit
  1396                           ;	DEBUG = 0x1, unprogrammed default
  1397  2007                     	org	8199
  1398  2007  20D4               	dw	8404
  1399                           
  1400                           ;Config register CONFIG2 @ 0x2008
  1401                           ;	Brown-out Reset Selection bit
  1402                           ;	BOR4V = BOR40V, Brown-out Reset set to 4.0V
  1403                           ;	Flash Program Memory Self Write Enable bits
  1404                           ;	WRT = OFF, Write protection off
  1405  2008                     	org	8200
  1406  2008  3FFF               	dw	16383

Data Sizes:
    Strings     0
    Constant    0
    Data        0
    BSS         5
    Persistent  0
    Stack       0

Auto Spaces:
    Space          Size  Autos    Used
    COMMON           14      6      11
    BANK0            80      0       0
    BANK1            80      0       0
    BANK3            96      0       0
    BANK2            96      0       0

Pointer List with Targets:

    None.

Critical Paths under _main in COMMON

    None.

Critical Paths under _ISR in COMMON

    _ISR->_Contador
    _ISR->_spiWrite

Critical Paths under _main in BANK0

    None.

Critical Paths under _ISR in BANK0

    None.

Critical Paths under _main in BANK1

    None.

Critical Paths under _ISR in BANK1

    None.

Critical Paths under _main in BANK3

    None.

Critical Paths under _ISR in BANK3

    None.

Critical Paths under _main in BANK2

    None.

Critical Paths under _ISR in BANK2

    None.

Call Graph Tables:

 ---------------------------------------------------------------------------------
 (Depth) Function   	        Calls       Base Space   Used Autos Params    Refs
 ---------------------------------------------------------------------------------
 (0) _main                                                 2     2      0       0
                                              4 COMMON     2     2      0
                            _IOCInit
                           _SPISlave
 ---------------------------------------------------------------------------------
 (1) _SPISlave                                             0     0      0       0
 ---------------------------------------------------------------------------------
 (1) _IOCInit                                              0     0      0       0
 ---------------------------------------------------------------------------------
 Estimated maximum stack depth 1
 ---------------------------------------------------------------------------------
 (Depth) Function   	        Calls       Base Space   Used Autos Params    Refs
 ---------------------------------------------------------------------------------
 (2) _ISR                                                  3     3      0      15
                                              1 COMMON     3     3      0
                           _Contador
                            _spiRead
                           _spiWrite
 ---------------------------------------------------------------------------------
 (3) _spiWrite                                             1     1      0      15
                                              0 COMMON     1     1      0
 ---------------------------------------------------------------------------------
 (3) _spiRead                                              0     0      0       0
 ---------------------------------------------------------------------------------
 (3) _Contador                                             1     1      0       0
                                              0 COMMON     1     1      0
 ---------------------------------------------------------------------------------
 Estimated maximum stack depth 3
 ---------------------------------------------------------------------------------

 Call Graph Graphs:

 _main (ROOT)
   _IOCInit
   _SPISlave

 _ISR (ROOT)
   _Contador
   _spiRead
   _spiWrite

 Address spaces:
Name               Size   Autos  Total    Cost      Usage
BITCOMMON            E      0       0       0        0.0%
EEDATA             100      0       0       0        0.0%
NULL                 0      0       0       0        0.0%
CODE                 0      0       0       0        0.0%
COMMON               E      6       B       1       78.6%
BITSFR0              0      0       0       1        0.0%
SFR0                 0      0       0       1        0.0%
BITSFR1              0      0       0       2        0.0%
SFR1                 0      0       0       2        0.0%
STACK                0      0       0       2        0.0%
ABS                  0      0       B       3        0.0%
BITBANK0            50      0       0       4        0.0%
BITSFR3              0      0       0       4        0.0%
SFR3                 0      0       0       4        0.0%
BANK0               50      0       0       5        0.0%
BITSFR2              0      0       0       5        0.0%
SFR2                 0      0       0       5        0.0%
BITBANK1            50      0       0       6        0.0%
BANK1               50      0       0       7        0.0%
BITBANK3            60      0       0       8        0.0%
BANK3               60      0       0       9        0.0%
BITBANK2            60      0       0      10        0.0%
BANK2               60      0       0      11        0.0%
DATA                 0      0       B      12        0.0%


Microchip Technology PIC Macro Assembler V2.31 build 20201012212115 
Symbol Table                                                                                   Wed Feb 24 15:44:30 2021

            _SSPSTATbits 0094                      l204 00C6                      l180 00D1  
                    l911 0018                      l921 0020                      l913 001C  
                    l851 00AE                      l931 002B                      l923 0023  
                    l915 001D                      l861 00BF                      l853 00B6  
                    l941 0033                      l933 002D                      l925 0024  
                    l917 001E                      l871 00C7                      l863 00C0  
                    l855 00BA                      l951 003A                      l943 0034  
                    l935 002E                      l927 0028                      l919 001F  
                    l865 00C1                      l857 00BD                      l953 003D  
                    l945 0035                      l937 0031                      l929 002A  
                    l867 00C2                      l859 00BE                      l955 0042  
                    l947 0038                      l939 0032                      l869 00C3  
                    l957 0047                      l949 0039                      l959 004B  
                    _RE0 0048                      _RE1 0049                      _RE2 004A  
                    u147 004F                      _ISR 0085                      _Dec 0078  
                    _Inc 0079                     ?_ISR 0070          __end_of_IOCInit 00D2  
                   u2_20 005E                     u2_21 005D                     u3_20 0064  
                   u3_21 0063                     u4_20 0069                     u4_21 0068  
                   u5_20 0073                     u5_21 0072                     u6_20 0079  
                   u6_21 0078                     u7_20 007E                     u7_21 007D  
                   u8_20 00D8                     u8_21 00D7                     _main 0018  
                   btemp 007E                     start 000C                    ??_ISR 0071  
                  ?_main 0070                    _ANSEL 0188                    i1l113 0060  
                  i1l210 00DB                    i1l115 0075                    i1l108 0090  
                  i1l117 0084                    i1l213 00E1                    i1l109 00A7  
                  i1l207 00D2                    i1l881 006A                    i1l873 0058  
                  i1l961 0085                    i1l891 007F                    i1l883 006F  
                  i1l875 005E                    i1l971 009E                    i1l963 0089  
                  i1l885 0073                    i1l877 0064                    i1l893 00D2  
                  i1l973 00A4                    i1l965 008E                    i1l887 0079  
                  i1l879 0069                    i1l895 00D8                    i1l889 007E  
                  i1l969 0096                    i1l899 00DD                    _RCREG 001A  
                  u10_20 0089                    u10_21 0088                    u11_20 0096  
                  u11_21 0095                    _RCSTA 0018                    _SPBRG 0099  
                  _PORTA 0005                    _PORTB 0006                    _PORTC 0007  
                  _PORTD 0008                    _PORTE 0009                    _TRISA 0085  
                  _TRISB 0086                    _TRISC 0087                    _TRISD 0088  
                  _TRISE 0089                    _SSPIF 0063                    _TXREG 0019  
                  _TXSTA 0098               _ContadorID 0077                    _dummy 0076  
       __end_of_SPISlave 00C7                    pclath 000A          __end_of_spiRead 00DC  
                  status 0003                    wtemp0 007E          __initialization 000F  
       __end_of_Contador 0085             __end_of_main 0058                   ??_main 0074  
              ??_IOCInit 0074                   _ANSELH 0189                   _SPBRGH 009A  
                 _SSPBUF 0013                   saved_w 007E         __end_of_spiWrite 00E2  
              ??_spiRead 0070  __end_of__initialization 0014           __pcstackCOMMON 0070  
              ?_SPISlave 0070                ?_Contador 0070               __pmaintext 0018  
             __pintentry 0004               ??_SPISlave 0074                  _IOCInit 00C7  
             ??_Contador 0070                ?_spiWrite 0070                  __ptext1 00AE  
                __ptext2 00C7                  __ptext3 0085                  __ptext4 00DC  
                __ptext5 00D2                  __ptext6 0058             __size_of_ISR 0029  
                _spiRead 00D2     end_of_initialization 0014               ??_spiWrite 0070  
              _PORTBbits 0006                _TRISAbits 0085                _TRISBbits 0086  
              _TRISCbits 0087              spiWrite@dat 0070                _TXSTAbits 0098  
            _BAUDCTLbits 0187        __size_of_SPISlave 0019      start_initialization 000F  
            __end_of_ISR 00AE        __size_of_Contador 002D                 ?_IOCInit 0070  
            __pbssCOMMON 0076                ___latbits 0002        __size_of_spiWrite 0006  
               ?_spiRead 0070               _ADC1ADRESH 007A        interrupt_function 0004  
               _IOCBbits 0096                 _PIE1bits 008C                 _PIR1bits 000C  
               _SPISlave 00AE               _ADCON0bits 001F               _ADCON1bits 009F  
       __size_of_IOCInit 000B                 _Contador 0058         __size_of_spiRead 000A  
          __size_of_main 0040                 _spiWrite 00DC               _INTCONbits 000B  
               intlevel1 0000               _OSCCONbits 008F               _SSPCONbits 0014  
