

Microchip MPLAB XC8 Assembler V2.31 build 20201012212115 
                                                                                               Wed Feb 24 15:29:51 2021

Microchip MPLAB XC8 C Compiler v2.31 (Free license) build 20201012212115 Og1 
     1                           	processor	16F887
     2                           	pagewidth 120
     3                           	opt	flic
     4                           	psect	cinit,global,class=CODE,merge=1,delta=2
     5                           	psect	bssCOMMON,global,class=COMMON,space=1,delta=1,noexec
     6                           	psect	cstackCOMMON,global,class=COMMON,space=1,delta=1,noexec
     7                           	psect	maintext,global,class=CODE,split=1,delta=2
     8                           	psect	text1,local,class=CODE,merge=1,delta=2
     9                           	psect	text2,local,class=CODE,merge=1,delta=2
    10                           	psect	text3,local,class=CODE,merge=1,delta=2
    11                           	psect	intentry,global,class=CODE,delta=2
    12                           	psect	text4,local,class=CODE,merge=1,delta=2
    13                           	psect	text5,local,class=CODE,merge=1,delta=2
    14                           	psect	config,global,abs,ovrld,class=CONFIG,space=4,delta=2,noexec
    15                           	dabs	1,0x7E,2
    16  0000                     
    17                           ; Version 2.20
    18                           ; Generated 12/02/2020 GMT
    19                           ; 
    20                           ; Copyright © 2020, Microchip Technology Inc. and its subsidiaries ("Microchip")
    21                           ; All rights reserved.
    22                           ; 
    23                           ; This software is developed by Microchip Technology Inc. and its subsidiaries ("Microch
      +                          ip").
    24                           ; 
    25                           ; Redistribution and use in source and binary forms, with or without modification, are
    26                           ; permitted provided that the following conditions are met:
    27                           ; 
    28                           ;     1. Redistributions of source code must retain the above copyright notice, this lis
      +                          t of
    29                           ;        conditions and the following disclaimer.
    30                           ; 
    31                           ;     2. Redistributions in binary form must reproduce the above copyright notice, this 
      +                          list
    32                           ;        of conditions and the following disclaimer in the documentation and/or other
    33                           ;        materials provided with the distribution.
    34                           ; 
    35                           ;     3. Microchip's name may not be used to endorse or promote products derived from th
      +                          is
    36                           ;        software without specific prior written permission.
    37                           ; 
    38                           ; THIS SOFTWARE IS PROVIDED BY MICROCHIP "AS IS" AND ANY EXPRESS OR IMPLIED WARRANTIES,
    39                           ; INCLUDING, BUT NOT LIMITED TO, THE IMPLIED WARRANTIES OF MERCHANTABILITY AND FITNESS F
      +                          OR
    40                           ; PURPOSE ARE DISCLAIMED.  IN NO EVENT SHALL MICROCHIP BE LIABLE FOR ANY DIRECT, INDIREC
      +                          T,
    41                           ; INCIDENTAL, SPECIAL, EXEMPLARY, OR CONSEQUENTIAL DAMAGES (INCLUDING BUT NOT LIMITED TO
    42                           ; PROCUREMENT OF SUBSTITUTE GOODS OR SERVICES; LOSS OF USE, DATA OR PROFITS; OR BUSINESS
    43                           ; INTERRUPTION) HOWSOEVER CAUSED AND ON ANY THEORY OF LIABILITY, WHETHER IN CONTRACT, ST
      +                          RICT
    44                           ; LIABILITY, OR TORT (INCLUDING NEGLIGENCE OR OTHERWISE) ARISING IN ANY WAY OUT OF THE U
      +                          SE OF
    45                           ; THIS SOFTWARE, EVEN IF ADVISED OF THE POSSIBILITY OF SUCH DAMAGE.
    46                           ; 
    47                           ; 
    48                           ; Code-generator required, PIC16F887 Definitions
    49                           ; 
    50                           ; SFR Addresses
    51  0000                     	;# 
    52  0001                     	;# 
    53  0002                     	;# 
    54  0003                     	;# 
    55  0004                     	;# 
    56  0005                     	;# 
    57  0006                     	;# 
    58  0007                     	;# 
    59  0008                     	;# 
    60  0009                     	;# 
    61  000A                     	;# 
    62  000B                     	;# 
    63  000C                     	;# 
    64  000D                     	;# 
    65  000E                     	;# 
    66  000E                     	;# 
    67  000F                     	;# 
    68  0010                     	;# 
    69  0011                     	;# 
    70  0012                     	;# 
    71  0013                     	;# 
    72  0014                     	;# 
    73  0015                     	;# 
    74  0015                     	;# 
    75  0016                     	;# 
    76  0017                     	;# 
    77  0018                     	;# 
    78  0019                     	;# 
    79  001A                     	;# 
    80  001B                     	;# 
    81  001B                     	;# 
    82  001C                     	;# 
    83  001D                     	;# 
    84  001E                     	;# 
    85  001F                     	;# 
    86  0081                     	;# 
    87  0085                     	;# 
    88  0086                     	;# 
    89  0087                     	;# 
    90  0088                     	;# 
    91  0089                     	;# 
    92  008C                     	;# 
    93  008D                     	;# 
    94  008E                     	;# 
    95  008F                     	;# 
    96  0090                     	;# 
    97  0091                     	;# 
    98  0092                     	;# 
    99  0093                     	;# 
   100  0093                     	;# 
   101  0093                     	;# 
   102  0094                     	;# 
   103  0095                     	;# 
   104  0096                     	;# 
   105  0097                     	;# 
   106  0098                     	;# 
   107  0099                     	;# 
   108  009A                     	;# 
   109  009B                     	;# 
   110  009C                     	;# 
   111  009D                     	;# 
   112  009E                     	;# 
   113  009F                     	;# 
   114  0105                     	;# 
   115  0107                     	;# 
   116  0108                     	;# 
   117  0109                     	;# 
   118  010C                     	;# 
   119  010C                     	;# 
   120  010D                     	;# 
   121  010E                     	;# 
   122  010F                     	;# 
   123  0185                     	;# 
   124  0187                     	;# 
   125  0188                     	;# 
   126  0189                     	;# 
   127  018C                     	;# 
   128  018D                     	;# 
   129  0000                     	;# 
   130  0001                     	;# 
   131  0002                     	;# 
   132  0003                     	;# 
   133  0004                     	;# 
   134  0005                     	;# 
   135  0006                     	;# 
   136  0007                     	;# 
   137  0008                     	;# 
   138  0009                     	;# 
   139  000A                     	;# 
   140  000B                     	;# 
   141  000C                     	;# 
   142  000D                     	;# 
   143  000E                     	;# 
   144  000E                     	;# 
   145  000F                     	;# 
   146  0010                     	;# 
   147  0011                     	;# 
   148  0012                     	;# 
   149  0013                     	;# 
   150  0014                     	;# 
   151  0015                     	;# 
   152  0015                     	;# 
   153  0016                     	;# 
   154  0017                     	;# 
   155  0018                     	;# 
   156  0019                     	;# 
   157  001A                     	;# 
   158  001B                     	;# 
   159  001B                     	;# 
   160  001C                     	;# 
   161  001D                     	;# 
   162  001E                     	;# 
   163  001F                     	;# 
   164  0081                     	;# 
   165  0085                     	;# 
   166  0086                     	;# 
   167  0087                     	;# 
   168  0088                     	;# 
   169  0089                     	;# 
   170  008C                     	;# 
   171  008D                     	;# 
   172  008E                     	;# 
   173  008F                     	;# 
   174  0090                     	;# 
   175  0091                     	;# 
   176  0092                     	;# 
   177  0093                     	;# 
   178  0093                     	;# 
   179  0093                     	;# 
   180  0094                     	;# 
   181  0095                     	;# 
   182  0096                     	;# 
   183  0097                     	;# 
   184  0098                     	;# 
   185  0099                     	;# 
   186  009A                     	;# 
   187  009B                     	;# 
   188  009C                     	;# 
   189  009D                     	;# 
   190  009E                     	;# 
   191  009F                     	;# 
   192  0105                     	;# 
   193  0107                     	;# 
   194  0108                     	;# 
   195  0109                     	;# 
   196  010C                     	;# 
   197  010C                     	;# 
   198  010D                     	;# 
   199  010E                     	;# 
   200  010F                     	;# 
   201  0185                     	;# 
   202  0187                     	;# 
   203  0188                     	;# 
   204  0189                     	;# 
   205  018C                     	;# 
   206  018D                     	;# 
   207  0000                     	;# 
   208  0001                     	;# 
   209  0002                     	;# 
   210  0003                     	;# 
   211  0004                     	;# 
   212  0005                     	;# 
   213  0006                     	;# 
   214  0007                     	;# 
   215  0008                     	;# 
   216  0009                     	;# 
   217  000A                     	;# 
   218  000B                     	;# 
   219  000C                     	;# 
   220  000D                     	;# 
   221  000E                     	;# 
   222  000E                     	;# 
   223  000F                     	;# 
   224  0010                     	;# 
   225  0011                     	;# 
   226  0012                     	;# 
   227  0013                     	;# 
   228  0014                     	;# 
   229  0015                     	;# 
   230  0015                     	;# 
   231  0016                     	;# 
   232  0017                     	;# 
   233  0018                     	;# 
   234  0019                     	;# 
   235  001A                     	;# 
   236  001B                     	;# 
   237  001B                     	;# 
   238  001C                     	;# 
   239  001D                     	;# 
   240  001E                     	;# 
   241  001F                     	;# 
   242  0081                     	;# 
   243  0085                     	;# 
   244  0086                     	;# 
   245  0087                     	;# 
   246  0088                     	;# 
   247  0089                     	;# 
   248  008C                     	;# 
   249  008D                     	;# 
   250  008E                     	;# 
   251  008F                     	;# 
   252  0090                     	;# 
   253  0091                     	;# 
   254  0092                     	;# 
   255  0093                     	;# 
   256  0093                     	;# 
   257  0093                     	;# 
   258  0094                     	;# 
   259  0095                     	;# 
   260  0096                     	;# 
   261  0097                     	;# 
   262  0098                     	;# 
   263  0099                     	;# 
   264  009A                     	;# 
   265  009B                     	;# 
   266  009C                     	;# 
   267  009D                     	;# 
   268  009E                     	;# 
   269  009F                     	;# 
   270  0105                     	;# 
   271  0107                     	;# 
   272  0108                     	;# 
   273  0109                     	;# 
   274  010C                     	;# 
   275  010C                     	;# 
   276  010D                     	;# 
   277  010E                     	;# 
   278  010F                     	;# 
   279  0185                     	;# 
   280  0187                     	;# 
   281  0188                     	;# 
   282  0189                     	;# 
   283  018C                     	;# 
   284  018D                     	;# 
   285  0000                     	;# 
   286  0001                     	;# 
   287  0002                     	;# 
   288  0003                     	;# 
   289  0004                     	;# 
   290  0005                     	;# 
   291  0006                     	;# 
   292  0007                     	;# 
   293  0008                     	;# 
   294  0009                     	;# 
   295  000A                     	;# 
   296  000B                     	;# 
   297  000C                     	;# 
   298  000D                     	;# 
   299  000E                     	;# 
   300  000E                     	;# 
   301  000F                     	;# 
   302  0010                     	;# 
   303  0011                     	;# 
   304  0012                     	;# 
   305  0013                     	;# 
   306  0014                     	;# 
   307  0015                     	;# 
   308  0015                     	;# 
   309  0016                     	;# 
   310  0017                     	;# 
   311  0018                     	;# 
   312  0019                     	;# 
   313  001A                     	;# 
   314  001B                     	;# 
   315  001B                     	;# 
   316  001C                     	;# 
   317  001D                     	;# 
   318  001E                     	;# 
   319  001F                     	;# 
   320  0081                     	;# 
   321  0085                     	;# 
   322  0086                     	;# 
   323  0087                     	;# 
   324  0088                     	;# 
   325  0089                     	;# 
   326  008C                     	;# 
   327  008D                     	;# 
   328  008E                     	;# 
   329  008F                     	;# 
   330  0090                     	;# 
   331  0091                     	;# 
   332  0092                     	;# 
   333  0093                     	;# 
   334  0093                     	;# 
   335  0093                     	;# 
   336  0094                     	;# 
   337  0095                     	;# 
   338  0096                     	;# 
   339  0097                     	;# 
   340  0098                     	;# 
   341  0099                     	;# 
   342  009A                     	;# 
   343  009B                     	;# 
   344  009C                     	;# 
   345  009D                     	;# 
   346  009E                     	;# 
   347  009F                     	;# 
   348  0105                     	;# 
   349  0107                     	;# 
   350  0108                     	;# 
   351  0109                     	;# 
   352  010C                     	;# 
   353  010C                     	;# 
   354  010D                     	;# 
   355  010E                     	;# 
   356  010F                     	;# 
   357  0185                     	;# 
   358  0187                     	;# 
   359  0188                     	;# 
   360  0189                     	;# 
   361  018C                     	;# 
   362  018D                     	;# 
   363  0000                     	;# 
   364  0001                     	;# 
   365  0002                     	;# 
   366  0003                     	;# 
   367  0004                     	;# 
   368  0005                     	;# 
   369  0006                     	;# 
   370  0007                     	;# 
   371  0008                     	;# 
   372  0009                     	;# 
   373  000A                     	;# 
   374  000B                     	;# 
   375  000C                     	;# 
   376  000D                     	;# 
   377  000E                     	;# 
   378  000E                     	;# 
   379  000F                     	;# 
   380  0010                     	;# 
   381  0011                     	;# 
   382  0012                     	;# 
   383  0013                     	;# 
   384  0014                     	;# 
   385  0015                     	;# 
   386  0015                     	;# 
   387  0016                     	;# 
   388  0017                     	;# 
   389  0018                     	;# 
   390  0019                     	;# 
   391  001A                     	;# 
   392  001B                     	;# 
   393  001B                     	;# 
   394  001C                     	;# 
   395  001D                     	;# 
   396  001E                     	;# 
   397  001F                     	;# 
   398  0081                     	;# 
   399  0085                     	;# 
   400  0086                     	;# 
   401  0087                     	;# 
   402  0088                     	;# 
   403  0089                     	;# 
   404  008C                     	;# 
   405  008D                     	;# 
   406  008E                     	;# 
   407  008F                     	;# 
   408  0090                     	;# 
   409  0091                     	;# 
   410  0092                     	;# 
   411  0093                     	;# 
   412  0093                     	;# 
   413  0093                     	;# 
   414  0094                     	;# 
   415  0095                     	;# 
   416  0096                     	;# 
   417  0097                     	;# 
   418  0098                     	;# 
   419  0099                     	;# 
   420  009A                     	;# 
   421  009B                     	;# 
   422  009C                     	;# 
   423  009D                     	;# 
   424  009E                     	;# 
   425  009F                     	;# 
   426  0105                     	;# 
   427  0107                     	;# 
   428  0108                     	;# 
   429  0109                     	;# 
   430  010C                     	;# 
   431  010C                     	;# 
   432  010D                     	;# 
   433  010E                     	;# 
   434  010F                     	;# 
   435  0185                     	;# 
   436  0187                     	;# 
   437  0188                     	;# 
   438  0189                     	;# 
   439  018C                     	;# 
   440  018D                     	;# 
   441  0000                     	;# 
   442  0001                     	;# 
   443  0002                     	;# 
   444  0003                     	;# 
   445  0004                     	;# 
   446  0005                     	;# 
   447  0006                     	;# 
   448  0007                     	;# 
   449  0008                     	;# 
   450  0009                     	;# 
   451  000A                     	;# 
   452  000B                     	;# 
   453  000C                     	;# 
   454  000D                     	;# 
   455  000E                     	;# 
   456  000E                     	;# 
   457  000F                     	;# 
   458  0010                     	;# 
   459  0011                     	;# 
   460  0012                     	;# 
   461  0013                     	;# 
   462  0014                     	;# 
   463  0015                     	;# 
   464  0015                     	;# 
   465  0016                     	;# 
   466  0017                     	;# 
   467  0018                     	;# 
   468  0019                     	;# 
   469  001A                     	;# 
   470  001B                     	;# 
   471  001B                     	;# 
   472  001C                     	;# 
   473  001D                     	;# 
   474  001E                     	;# 
   475  001F                     	;# 
   476  0081                     	;# 
   477  0085                     	;# 
   478  0086                     	;# 
   479  0087                     	;# 
   480  0088                     	;# 
   481  0089                     	;# 
   482  008C                     	;# 
   483  008D                     	;# 
   484  008E                     	;# 
   485  008F                     	;# 
   486  0090                     	;# 
   487  0091                     	;# 
   488  0092                     	;# 
   489  0093                     	;# 
   490  0093                     	;# 
   491  0093                     	;# 
   492  0094                     	;# 
   493  0095                     	;# 
   494  0096                     	;# 
   495  0097                     	;# 
   496  0098                     	;# 
   497  0099                     	;# 
   498  009A                     	;# 
   499  009B                     	;# 
   500  009C                     	;# 
   501  009D                     	;# 
   502  009E                     	;# 
   503  009F                     	;# 
   504  0105                     	;# 
   505  0107                     	;# 
   506  0108                     	;# 
   507  0109                     	;# 
   508  010C                     	;# 
   509  010C                     	;# 
   510  010D                     	;# 
   511  010E                     	;# 
   512  010F                     	;# 
   513  0185                     	;# 
   514  0187                     	;# 
   515  0188                     	;# 
   516  0189                     	;# 
   517  018C                     	;# 
   518  018D                     	;# 
   519  0013                     _SSPBUF	set	19
   520  0014                     _SSPCONbits	set	20
   521  0019                     _TXREG	set	25
   522  001A                     _RCREG	set	26
   523  0018                     _RCSTA	set	24
   524  001E                     _ADRESH	set	30
   525  001F                     _ADCON0bits	set	31
   526  000C                     _PIR1bits	set	12
   527  000B                     _INTCONbits	set	11
   528  0009                     _PORTE	set	9
   529  0007                     _PORTC	set	7
   530  0006                     _PORTB	set	6
   531  0005                     _PORTA	set	5
   532  0008                     _PORTD	set	8
   533  0063                     _SSPIF	set	99
   534  004A                     _RE2	set	74
   535  0049                     _RE1	set	73
   536  0048                     _RE0	set	72
   537  0085                     _TRISAbits	set	133
   538  0087                     _TRISCbits	set	135
   539  0094                     _SSPSTATbits	set	148
   540  009F                     _ADCON1bits	set	159
   541  0098                     _TXSTAbits	set	152
   542  0098                     _TXSTA	set	152
   543  0099                     _SPBRG	set	153
   544  009A                     _SPBRGH	set	154
   545  008C                     _PIE1bits	set	140
   546  0089                     _TRISE	set	137
   547  0087                     _TRISC	set	135
   548  0088                     _TRISD	set	136
   549  0086                     _TRISB	set	134
   550  0085                     _TRISA	set	133
   551  008F                     _OSCCONbits	set	143
   552  0187                     _BAUDCTLbits	set	391
   553  0189                     _ANSELH	set	393
   554  0188                     _ANSEL	set	392
   555                           
   556                           	psect	cinit
   557  000F                     start_initialization:	
   558                           ; #config settings
   559                           
   560  000F                     __initialization:
   561                           
   562                           ; Clear objects allocated to COMMON
   563  000F  01F8               	clrf	__pbssCOMMON& (0+127)
   564  0010  01F9               	clrf	(__pbssCOMMON+1)& (0+127)
   565  0011                     end_of_initialization:	
   566                           ;End of C runtime variable initialization code
   567                           
   568  0011                     __end_of__initialization:
   569  0011  0183               	clrf	3
   570  0012  120A  118A  2815   	ljmp	_main	;jump to C main() function
   571                           
   572                           	psect	bssCOMMON
   573  0078                     __pbssCOMMON:
   574  0078                     _dummy:
   575  0078                     	ds	1
   576  0079                     _ADC1ADRESH:
   577  0079                     	ds	1
   578                           
   579                           	psect	cstackCOMMON
   580  0070                     __pcstackCOMMON:
   581  0070                     ?_SPISlave:
   582  0070                     ?_ADCInit:	
   583                           ; 1 bytes @ 0x0
   584                           
   585  0070                     ?_spiRead:	
   586                           ; 1 bytes @ 0x0
   587                           
   588  0070                     ??_spiRead:	
   589                           ; 1 bytes @ 0x0
   590                           
   591  0070                     ?_spiWrite:	
   592                           ; 1 bytes @ 0x0
   593                           
   594  0070                     ??_spiWrite:	
   595                           ; 1 bytes @ 0x0
   596                           
   597  0070                     ?_main:	
   598                           ; 1 bytes @ 0x0
   599                           
   600  0070                     ?_ISR:	
   601                           ; 1 bytes @ 0x0
   602                           
   603  0070                     spiWrite@dat:	
   604                           ; 1 bytes @ 0x0
   605                           
   606                           
   607                           ; 1 bytes @ 0x0
   608  0070                     	ds	1
   609  0071                     ??_ISR:
   610                           
   611                           ; 1 bytes @ 0x1
   612  0071                     	ds	3
   613  0074                     ??_SPISlave:
   614  0074                     ??_ADCInit:	
   615                           ; 1 bytes @ 0x4
   616                           
   617                           
   618                           ; 1 bytes @ 0x4
   619  0074                     	ds	2
   620  0076                     ??_main:
   621                           
   622                           ; 1 bytes @ 0x6
   623  0076                     	ds	2
   624                           
   625                           	psect	maintext
   626  0015                     __pmaintext:	
   627 ;;
   628 ;;Main: autosize = 0, tempsize = 2, incstack = 0, save=0
   629 ;;
   630 ;; *************** function _main *****************
   631 ;; Defined at:
   632 ;;		line 49 in file "main.c"
   633 ;; Parameters:    Size  Location     Type
   634 ;;		None
   635 ;; Auto vars:     Size  Location     Type
   636 ;;		None
   637 ;; Return value:  Size  Location     Type
   638 ;;                  1    wreg      void 
   639 ;; Registers used:
   640 ;;		wreg, status,2, status,0, pclath, cstack
   641 ;; Tracked objects:
   642 ;;		On entry : B00/0
   643 ;;		On exit  : 0/0
   644 ;;		Unchanged: 0/0
   645 ;; Data sizes:     COMMON   BANK0   BANK1   BANK3   BANK2
   646 ;;      Params:         0       0       0       0       0
   647 ;;      Locals:         0       0       0       0       0
   648 ;;      Temps:          2       0       0       0       0
   649 ;;      Totals:         2       0       0       0       0
   650 ;;Total ram usage:        2 bytes
   651 ;; Hardware stack levels required when called:    3
   652 ;; This function calls:
   653 ;;		_ADCInit
   654 ;;		_SPISlave
   655 ;; This function is called by:
   656 ;;		Startup code after reset
   657 ;; This function uses a non-reentrant model
   658 ;;
   659                           
   660                           
   661                           ;psect for function _main
   662  0015                     _main:
   663  0015                     l884:	
   664                           ;incstack = 0
   665                           ; Regs used in _main: [wreg+status,2+status,0+pclath+cstack]
   666                           
   667                           
   668                           ;main.c: 52:         return;
   669  0015  3070               	movlw	112
   670  0016  1683               	bsf	3,5	;RP0=1, select bank1
   671  0017  1303               	bcf	3,6	;RP1=0, select bank1
   672  0018  048F               	iorwf	15,f	;volatile
   673  0019                     l886:
   674                           
   675                           ;main.c: 53:     }
   676  0019  118F               	bcf	15,3	;volatile
   677  001A                     l888:
   678                           
   679                           ;main.c: 54:     if(SSPIF == 1)
   680  001A  110F               	bcf	15,2	;volatile
   681  001B                     l890:
   682                           
   683                           ;main.c: 55:     {
   684  001B  108F               	bcf	15,1	;volatile
   685  001C                     l892:
   686                           
   687                           ;main.c: 56:         dummy = spiRead();
   688  001C  140F               	bsf	15,0	;volatile
   689  001D                     l894:
   690                           
   691                           ;main.c: 59:     }
   692  001D  3001               	movlw	1
   693  001E  1683               	bsf	3,5	;RP0=1, select bank3
   694  001F  1703               	bsf	3,6	;RP1=1, select bank3
   695  0020  0088               	movwf	8	;volatile
   696  0021                     l896:
   697                           
   698                           ;main.c: 60: }
   699  0021  0189               	clrf	9	;volatile
   700  0022                     l898:
   701  0022  3021               	movlw	33
   702  0023  1683               	bsf	3,5	;RP0=1, select bank1
   703  0024  1303               	bcf	3,6	;RP1=0, select bank1
   704  0025  0085               	movwf	5	;volatile
   705  0026                     l900:
   706  0026  0186               	clrf	6	;volatile
   707  0027                     l902:
   708  0027  0188               	clrf	8	;volatile
   709  0028                     l904:
   710  0028  3018               	movlw	24
   711  0029  0087               	movwf	7	;volatile
   712  002A                     l906:
   713  002A  0189               	clrf	9	;volatile
   714  002B                     l908:
   715  002B  1283               	bcf	3,5	;RP0=0, select bank0
   716  002C  1303               	bcf	3,6	;RP1=0, select bank0
   717  002D  0185               	clrf	5	;volatile
   718  002E                     l910:
   719  002E  0186               	clrf	6	;volatile
   720  002F                     l912:
   721  002F  0187               	clrf	7	;volatile
   722  0030                     l914:
   723  0030  0188               	clrf	8	;volatile
   724  0031                     l916:
   725  0031  0189               	clrf	9	;volatile
   726  0032                     l918:
   727  0032  1683               	bsf	3,5	;RP0=1, select bank1
   728  0033  1303               	bcf	3,6	;RP1=0, select bank1
   729  0034  158C               	bsf	12,3	;volatile
   730  0035                     l920:
   731  0035  178B               	bsf	11,7	;volatile
   732  0036                     l922:
   733  0036  170B               	bsf	11,6	;volatile
   734  0037                     l924:
   735  0037  1283               	bcf	3,5	;RP0=0, select bank0
   736  0038  1303               	bcf	3,6	;RP1=0, select bank0
   737  0039  118C               	bcf	12,3	;volatile
   738  003A                     l926:
   739  003A  120A  118A  209F  120A  118A  	fcall	_SPISlave
   740  003F                     l928:
   741  003F  120A  118A  2081  120A  118A  	fcall	_ADCInit
   742  0044                     l930:
   743  0044  1283               	bcf	3,5	;RP0=0, select bank0
   744  0045  1303               	bcf	3,6	;RP1=0, select bank0
   745  0046  141F               	bsf	31,0	;volatile
   746  0047                     l932:
   747  0047  149F               	bsf	31,1	;volatile
   748  0048                     l97:
   749  0048  189F               	btfsc	31,1	;volatile
   750  0049  284B               	goto	u41
   751  004A  284C               	goto	u40
   752  004B                     u41:
   753  004B  2848               	goto	l97
   754  004C                     u40:
   755  004C                     l934:
   756  004C  301A               	movlw	26
   757  004D  00F7               	movwf	??_main+1
   758  004E  30F8               	movlw	248
   759  004F  00F6               	movwf	??_main
   760  0050                     u97:
   761  0050  0BF6               	decfsz	??_main,f
   762  0051  2850               	goto	u97
   763  0052  0BF7               	decfsz	??_main+1,f
   764  0053  2850               	goto	u97
   765  0054  0000               	nop
   766  0055  283F               	goto	l928
   767  0056  120A  118A  280C   	ljmp	start
   768  0059                     __end_of_main:
   769                           
   770                           	psect	text1
   771  009F                     __ptext1:	
   772 ;; *************** function _SPISlave *****************
   773 ;; Defined at:
   774 ;;		line 44 in file "spi.c"
   775 ;; Parameters:    Size  Location     Type
   776 ;;		None
   777 ;; Auto vars:     Size  Location     Type
   778 ;;		None
   779 ;; Return value:  Size  Location     Type
   780 ;;                  1    wreg      void 
   781 ;; Registers used:
   782 ;;		wreg, status,2, status,0
   783 ;; Tracked objects:
   784 ;;		On entry : 0/0
   785 ;;		On exit  : 0/0
   786 ;;		Unchanged: 0/0
   787 ;; Data sizes:     COMMON   BANK0   BANK1   BANK3   BANK2
   788 ;;      Params:         0       0       0       0       0
   789 ;;      Locals:         0       0       0       0       0
   790 ;;      Temps:          0       0       0       0       0
   791 ;;      Totals:         0       0       0       0       0
   792 ;;Total ram usage:        0 bytes
   793 ;; Hardware stack levels used:    1
   794 ;; Hardware stack levels required when called:    2
   795 ;; This function calls:
   796 ;;		Nothing
   797 ;; This function is called by:
   798 ;;		_main
   799 ;; This function uses a non-reentrant model
   800 ;;
   801                           
   802                           
   803                           ;psect for function _SPISlave
   804  009F                     _SPISlave:
   805  009F                     l832:	
   806                           ;incstack = 0
   807                           ; Regs used in _SPISlave: [wreg+status,2+status,0]
   808                           
   809                           
   810                           ;spi.c: 46:     SSPSTATbits.SMP = 0;
   811  009F  1683               	bsf	3,5	;RP0=1, select bank1
   812  00A0  1303               	bcf	3,6	;RP1=0, select bank1
   813  00A1  1394               	bcf	20,7	;volatile
   814                           
   815                           ;spi.c: 47:     SSPSTATbits.CKE = 0;
   816  00A2  1314               	bcf	20,6	;volatile
   817                           
   818                           ;spi.c: 48:     SSPCONbits.SSPEN = 1;
   819  00A3  1283               	bcf	3,5	;RP0=0, select bank0
   820  00A4  1303               	bcf	3,6	;RP1=0, select bank0
   821  00A5  1694               	bsf	20,5	;volatile
   822                           
   823                           ;spi.c: 49:     SSPCONbits.CKP = 1;
   824  00A6  1614               	bsf	20,4	;volatile
   825  00A7                     l834:
   826                           
   827                           ;spi.c: 50:     SSPCONbits.SSPM = 0b0100;
   828  00A7  0814               	movf	20,w	;volatile
   829  00A8  39F0               	andlw	-16
   830  00A9  3804               	iorlw	4
   831  00AA  0094               	movwf	20	;volatile
   832  00AB                     l836:
   833                           
   834                           ;spi.c: 52:     TRISCbits.TRISC5 = 0;
   835  00AB  1683               	bsf	3,5	;RP0=1, select bank1
   836  00AC  1303               	bcf	3,6	;RP1=0, select bank1
   837  00AD  1287               	bcf	7,5	;volatile
   838  00AE                     l838:
   839                           
   840                           ;spi.c: 53:     TRISCbits.TRISC4 = 0;
   841  00AE  1207               	bcf	7,4	;volatile
   842  00AF                     l840:
   843                           
   844                           ;spi.c: 54:     TRISCbits.TRISC3 = 1;
   845  00AF  1587               	bsf	7,3	;volatile
   846  00B0                     l842:
   847                           
   848                           ;spi.c: 55:     TRISAbits.TRISA5 = 1;
   849  00B0  1685               	bsf	5,5	;volatile
   850  00B1                     l844:
   851                           
   852                           ;spi.c: 57:     PIE1bits.SSPIE = 1;
   853  00B1  158C               	bsf	12,3	;volatile
   854  00B2                     l846:
   855                           
   856                           ;spi.c: 58:     INTCONbits.GIE = 1;
   857  00B2  178B               	bsf	11,7	;volatile
   858  00B3                     l848:
   859                           
   860                           ;spi.c: 59:     INTCONbits.PEIE = 1;
   861  00B3  170B               	bsf	11,6	;volatile
   862  00B4                     l850:
   863                           
   864                           ;spi.c: 60:     PIR1bits.SSPIF = 0;
   865  00B4  1283               	bcf	3,5	;RP0=0, select bank0
   866  00B5  1303               	bcf	3,6	;RP1=0, select bank0
   867  00B6  118C               	bcf	12,3	;volatile
   868  00B7                     l185:
   869  00B7  0008               	return
   870  00B8                     __end_of_SPISlave:
   871                           
   872                           	psect	text2
   873  0081                     __ptext2:	
   874 ;; *************** function _ADCInit *****************
   875 ;; Defined at:
   876 ;;		line 24 in file "adc.c"
   877 ;; Parameters:    Size  Location     Type
   878 ;;		None
   879 ;; Auto vars:     Size  Location     Type
   880 ;;		None
   881 ;; Return value:  Size  Location     Type
   882 ;;                  1    wreg      void 
   883 ;; Registers used:
   884 ;;		wreg, status,2, status,0
   885 ;; Tracked objects:
   886 ;;		On entry : 0/0
   887 ;;		On exit  : 0/0
   888 ;;		Unchanged: 0/0
   889 ;; Data sizes:     COMMON   BANK0   BANK1   BANK3   BANK2
   890 ;;      Params:         0       0       0       0       0
   891 ;;      Locals:         0       0       0       0       0
   892 ;;      Temps:          2       0       0       0       0
   893 ;;      Totals:         2       0       0       0       0
   894 ;;Total ram usage:        2 bytes
   895 ;; Hardware stack levels used:    1
   896 ;; Hardware stack levels required when called:    2
   897 ;; This function calls:
   898 ;;		Nothing
   899 ;; This function is called by:
   900 ;;		_main
   901 ;; This function uses a non-reentrant model
   902 ;;
   903                           
   904                           
   905                           ;psect for function _ADCInit
   906  0081                     _ADCInit:
   907  0081                     l852:	
   908                           ;incstack = 0
   909                           ; Regs used in _ADCInit: [wreg+status,2+status,0]
   910                           
   911                           
   912                           ;adc.c: 25:     INTCONbits.GIE = 1;
   913  0081  178B               	bsf	11,7	;volatile
   914                           
   915                           ;adc.c: 26:     INTCONbits.PEIE = 1;
   916  0082  170B               	bsf	11,6	;volatile
   917                           
   918                           ;adc.c: 27:     PIE1bits.ADIE = 1;
   919  0083  1683               	bsf	3,5	;RP0=1, select bank1
   920  0084  1303               	bcf	3,6	;RP1=0, select bank1
   921  0085  170C               	bsf	12,6	;volatile
   922                           
   923                           ;adc.c: 28:     PIR1bits.ADIF = 0;
   924  0086  1283               	bcf	3,5	;RP0=0, select bank0
   925  0087  1303               	bcf	3,6	;RP1=0, select bank0
   926  0088  130C               	bcf	12,6	;volatile
   927  0089                     l854:
   928                           
   929                           ;adc.c: 29:     ADCON0bits.ADCS = 01;
   930  0089  081F               	movf	31,w	;volatile
   931  008A  393F               	andlw	-193
   932  008B  3840               	iorlw	64
   933  008C  009F               	movwf	31	;volatile
   934                           
   935                           ;adc.c: 30:     ADCON0bits.CHS = 0000;
   936  008D  30C3               	movlw	-61
   937  008E  059F               	andwf	31,f	;volatile
   938  008F                     l856:
   939                           
   940                           ;adc.c: 31:     ADCON0bits.ADON = 1;
   941  008F  141F               	bsf	31,0	;volatile
   942  0090                     l858:
   943                           
   944                           ;adc.c: 32:     ADCON1bits.ADFM = 0;
   945  0090  1683               	bsf	3,5	;RP0=1, select bank1
   946  0091  1303               	bcf	3,6	;RP1=0, select bank1
   947  0092  139F               	bcf	31,7	;volatile
   948  0093                     l860:
   949                           
   950                           ;adc.c: 33:     ADCON1bits.VCFG1 = 0;
   951  0093  129F               	bcf	31,5	;volatile
   952  0094                     l862:
   953                           
   954                           ;adc.c: 34:     ADCON1bits.VCFG0 = 0;
   955  0094  121F               	bcf	31,4	;volatile
   956  0095                     l864:
   957                           
   958                           ;adc.c: 35:     _delay((unsigned long)((10)*(8000000/4000.0)));
   959  0095  301A               	movlw	26
   960  0096  00F5               	movwf	??_ADCInit+1
   961  0097  30F8               	movlw	248
   962  0098  00F4               	movwf	??_ADCInit
   963  0099                     u107:
   964  0099  0BF4               	decfsz	??_ADCInit,f
   965  009A  2899               	goto	u107
   966  009B  0BF5               	decfsz	??_ADCInit+1,f
   967  009C  2899               	goto	u107
   968  009D  0000               	nop
   969  009E                     l161:
   970  009E  0008               	return
   971  009F                     __end_of_ADCInit:
   972                           
   973                           	psect	text3
   974  0059                     __ptext3:	
   975 ;; *************** function _ISR *****************
   976 ;; Defined at:
   977 ;;		line 91 in file "main.c"
   978 ;; Parameters:    Size  Location     Type
   979 ;;		None
   980 ;; Auto vars:     Size  Location     Type
   981 ;;		None
   982 ;; Return value:  Size  Location     Type
   983 ;;                  1    wreg      void 
   984 ;; Registers used:
   985 ;;		wreg, status,2, status,0, pclath, cstack
   986 ;; Tracked objects:
   987 ;;		On entry : 0/0
   988 ;;		On exit  : 0/0
   989 ;;		Unchanged: 0/0
   990 ;; Data sizes:     COMMON   BANK0   BANK1   BANK3   BANK2
   991 ;;      Params:         0       0       0       0       0
   992 ;;      Locals:         0       0       0       0       0
   993 ;;      Temps:          3       0       0       0       0
   994 ;;      Totals:         3       0       0       0       0
   995 ;;Total ram usage:        3 bytes
   996 ;; Hardware stack levels used:    1
   997 ;; Hardware stack levels required when called:    1
   998 ;; This function calls:
   999 ;;		_spiRead
  1000 ;;		_spiWrite
  1001 ;; This function is called by:
  1002 ;;		Interrupt level 1
  1003 ;; This function uses a non-reentrant model
  1004 ;;
  1005                           
  1006                           
  1007                           ;psect for function _ISR
  1008  0059                     _ISR:
  1009  0059                     i1l936:
  1010  0059  1283               	bcf	3,5	;RP0=0, select bank0
  1011  005A  1303               	bcf	3,6	;RP1=0, select bank0
  1012  005B  1F0C               	btfss	12,6	;volatile
  1013  005C  285E               	goto	u5_21
  1014  005D  285F               	goto	u5_20
  1015  005E                     u5_21:
  1016  005E  2865               	goto	i1l107
  1017  005F                     u5_20:
  1018  005F                     i1l938:
  1019  005F  081E               	movf	30,w	;volatile
  1020  0060  00F1               	movwf	??_ISR
  1021  0061  0871               	movf	??_ISR,w
  1022  0062  00F9               	movwf	_ADC1ADRESH
  1023  0063                     i1l940:
  1024  0063  130C               	bcf	12,6	;volatile
  1025  0064  287A               	goto	i1l108
  1026  0065                     i1l107:
  1027  0065  1D8C               	btfss	12,3	;volatile
  1028  0066  2868               	goto	u6_21
  1029  0067  2869               	goto	u6_20
  1030  0068                     u6_21:
  1031  0068  287A               	goto	i1l108
  1032  0069                     u6_20:
  1033  0069                     i1l944:
  1034  0069  120A  118A  20B8  120A  118A  	fcall	_spiRead
  1035  006E  00F1               	movwf	??_ISR
  1036  006F  0871               	movf	??_ISR,w
  1037  0070  00F8               	movwf	_dummy
  1038  0071                     i1l946:
  1039  0071  0879               	movf	_ADC1ADRESH,w
  1040  0072  120A  118A  20C2  120A  118A  	fcall	_spiWrite
  1041  0077                     i1l948:
  1042  0077  1283               	bcf	3,5	;RP0=0, select bank0
  1043  0078  1303               	bcf	3,6	;RP1=0, select bank0
  1044  0079  118C               	bcf	12,3	;volatile
  1045  007A                     i1l108:
  1046  007A  0873               	movf	??_ISR+2,w
  1047  007B  008A               	movwf	10
  1048  007C  0E72               	swapf	??_ISR+1,w
  1049  007D  0083               	movwf	3
  1050  007E  0EFE               	swapf	btemp,f
  1051  007F  0E7E               	swapf	btemp,w
  1052  0080  0009               	retfie
  1053  0081                     __end_of_ISR:
  1054                           
  1055                           	psect	intentry
  1056  0004                     __pintentry:	
  1057                           ;incstack = 0
  1058                           ; Regs used in _ISR: [wreg+status,2+status,0+pclath+cstack]
  1059                           
  1060  0004                     interrupt_function:
  1061  007E                     saved_w	set	btemp
  1062  0004  00FE               	movwf	btemp
  1063  0005  0E03               	swapf	3,w
  1064  0006  00F2               	movwf	??_ISR+1
  1065  0007  080A               	movf	10,w
  1066  0008  00F3               	movwf	??_ISR+2
  1067  0009  120A  118A  2859   	ljmp	_ISR
  1068                           
  1069                           	psect	text4
  1070  00C2                     __ptext4:	
  1071 ;; *************** function _spiWrite *****************
  1072 ;; Defined at:
  1073 ;;		line 68 in file "spi.c"
  1074 ;; Parameters:    Size  Location     Type
  1075 ;;  dat             1    wreg     unsigned char 
  1076 ;; Auto vars:     Size  Location     Type
  1077 ;;  dat             1    0[COMMON] unsigned char 
  1078 ;; Return value:  Size  Location     Type
  1079 ;;                  1    wreg      void 
  1080 ;; Registers used:
  1081 ;;		wreg
  1082 ;; Tracked objects:
  1083 ;;		On entry : 0/0
  1084 ;;		On exit  : 0/0
  1085 ;;		Unchanged: 0/0
  1086 ;; Data sizes:     COMMON   BANK0   BANK1   BANK3   BANK2
  1087 ;;      Params:         0       0       0       0       0
  1088 ;;      Locals:         1       0       0       0       0
  1089 ;;      Temps:          0       0       0       0       0
  1090 ;;      Totals:         1       0       0       0       0
  1091 ;;Total ram usage:        1 bytes
  1092 ;; Hardware stack levels used:    1
  1093 ;; This function calls:
  1094 ;;		Nothing
  1095 ;; This function is called by:
  1096 ;;		_ISR
  1097 ;; This function uses a non-reentrant model
  1098 ;;
  1099                           
  1100                           
  1101                           ;psect for function _spiWrite
  1102  00C2                     _spiWrite:
  1103                           
  1104                           ;incstack = 0
  1105                           ; Regs used in _spiWrite: [wreg]
  1106                           ;spiWrite@dat stored from wreg
  1107  00C2  00F0               	movwf	spiWrite@dat
  1108  00C3                     i1l872:
  1109                           
  1110                           ;spi.c: 69:     SSPBUF = dat;
  1111  00C3  0870               	movf	spiWrite@dat,w
  1112  00C4  1283               	bcf	3,5	;RP0=0, select bank0
  1113  00C5  1303               	bcf	3,6	;RP1=0, select bank0
  1114  00C6  0093               	movwf	19	;volatile
  1115  00C7                     i1l194:
  1116  00C7  0008               	return
  1117  00C8                     __end_of_spiWrite:
  1118                           
  1119                           	psect	text5
  1120  00B8                     __ptext5:	
  1121 ;; *************** function _spiRead *****************
  1122 ;; Defined at:
  1123 ;;		line 63 in file "spi.c"
  1124 ;; Parameters:    Size  Location     Type
  1125 ;;		None
  1126 ;; Auto vars:     Size  Location     Type
  1127 ;;		None
  1128 ;; Return value:  Size  Location     Type
  1129 ;;                  1    wreg      unsigned char 
  1130 ;; Registers used:
  1131 ;;		wreg
  1132 ;; Tracked objects:
  1133 ;;		On entry : 0/0
  1134 ;;		On exit  : 0/0
  1135 ;;		Unchanged: 0/0
  1136 ;; Data sizes:     COMMON   BANK0   BANK1   BANK3   BANK2
  1137 ;;      Params:         0       0       0       0       0
  1138 ;;      Locals:         0       0       0       0       0
  1139 ;;      Temps:          0       0       0       0       0
  1140 ;;      Totals:         0       0       0       0       0
  1141 ;;Total ram usage:        0 bytes
  1142 ;; Hardware stack levels used:    1
  1143 ;; This function calls:
  1144 ;;		Nothing
  1145 ;; This function is called by:
  1146 ;;		_ISR
  1147 ;; This function uses a non-reentrant model
  1148 ;;
  1149                           
  1150                           
  1151                           ;psect for function _spiRead
  1152  00B8                     _spiRead:
  1153  00B8                     i1l866:	
  1154                           ;incstack = 0
  1155                           ; Regs used in _spiRead: [wreg]
  1156                           
  1157  00B8                     i1l188:	
  1158                           ;spi.c: 64:     while (!SSPSTATbits.BF);
  1159                           
  1160  00B8  1683               	bsf	3,5	;RP0=1, select bank1
  1161  00B9  1303               	bcf	3,6	;RP1=0, select bank1
  1162  00BA  1C14               	btfss	20,0	;volatile
  1163  00BB  28BD               	goto	u2_21
  1164  00BC  28BE               	goto	u2_20
  1165  00BD                     u2_21:
  1166  00BD  28B8               	goto	i1l188
  1167  00BE                     u2_20:
  1168  00BE                     i1l868:
  1169                           
  1170                           ;spi.c: 65:     return (SSPBUF);
  1171  00BE  1283               	bcf	3,5	;RP0=0, select bank0
  1172  00BF  1303               	bcf	3,6	;RP1=0, select bank0
  1173  00C0  0813               	movf	19,w	;volatile
  1174  00C1                     i1l191:
  1175  00C1  0008               	return
  1176  00C2                     __end_of_spiRead:
  1177  007E                     btemp	set	126	;btemp
  1178  007E                     wtemp0	set	126
  1179                           
  1180                           	psect	config
  1181                           
  1182                           ;Config register CONFIG1 @ 0x2007
  1183                           ;	Oscillator Selection bits
  1184                           ;	FOSC = INTRC_NOCLKOUT, INTOSCIO oscillator: I/O function on RA6/OSC2/CLKOUT pin, I/O f
      +                          unction on RA7/OSC1/CLKIN
  1185                           ;	Watchdog Timer Enable bit
  1186                           ;	WDTE = OFF, WDT disabled and can be enabled by SWDTEN bit of the WDTCON register
  1187                           ;	Power-up Timer Enable bit
  1188                           ;	PWRTE = OFF, PWRT disabled
  1189                           ;	RE3/MCLR pin function select bit
  1190                           ;	MCLRE = OFF, RE3/MCLR pin function is digital input, MCLR internally tied to VDD
  1191                           ;	Code Protection bit
  1192                           ;	CP = OFF, Program memory code protection is disabled
  1193                           ;	Data Code Protection bit
  1194                           ;	CPD = OFF, Data memory code protection is disabled
  1195                           ;	Brown Out Reset Selection bits
  1196                           ;	BOREN = OFF, BOR disabled
  1197                           ;	Internal External Switchover bit
  1198                           ;	IESO = OFF, Internal/External Switchover mode is disabled
  1199                           ;	Fail-Safe Clock Monitor Enabled bit
  1200                           ;	FCMEN = OFF, Fail-Safe Clock Monitor is disabled
  1201                           ;	Low Voltage Programming Enable bit
  1202                           ;	LVP = OFF, RB3 pin has digital I/O, HV on MCLR must be used for programming
  1203                           ;	In-Circuit Debugger Mode bit
  1204                           ;	DEBUG = 0x1, unprogrammed default
  1205  2007                     	org	8199
  1206  2007  20D4               	dw	8404
  1207                           
  1208                           ;Config register CONFIG2 @ 0x2008
  1209                           ;	Brown-out Reset Selection bit
  1210                           ;	BOR4V = BOR40V, Brown-out Reset set to 4.0V
  1211                           ;	Flash Program Memory Self Write Enable bits
  1212                           ;	WRT = OFF, Write protection off
  1213  2008                     	org	8200
  1214  2008  3FFF               	dw	16383

Data Sizes:
    Strings     0
    Constant    0
    Data        0
    BSS         2
    Persistent  0
    Stack       0

Auto Spaces:
    Space          Size  Autos    Used
    COMMON           14      8      10
    BANK0            80      0       0
    BANK1            80      0       0
    BANK3            96      0       0
    BANK2            96      0       0

Pointer List with Targets:

    None.

Critical Paths under _main in COMMON

    _main->_ADCInit

Critical Paths under _ISR in COMMON

    _ISR->_spiWrite

Critical Paths under _main in BANK0

    None.

Critical Paths under _ISR in BANK0

    None.

Critical Paths under _main in BANK1

    None.

Critical Paths under _ISR in BANK1

    None.

Critical Paths under _main in BANK3

    None.

Critical Paths under _ISR in BANK3

    None.

Critical Paths under _main in BANK2

    None.

Critical Paths under _ISR in BANK2

    None.

Call Graph Tables:

 ---------------------------------------------------------------------------------
 (Depth) Function   	        Calls       Base Space   Used Autos Params    Refs
 ---------------------------------------------------------------------------------
 (0) _main                                                 2     2      0       0
                                              6 COMMON     2     2      0
                            _ADCInit
                           _SPISlave
 ---------------------------------------------------------------------------------
 (1) _SPISlave                                             0     0      0       0
 ---------------------------------------------------------------------------------
 (1) _ADCInit                                              2     2      0       0
                                              4 COMMON     2     2      0
 ---------------------------------------------------------------------------------
 Estimated maximum stack depth 1
 ---------------------------------------------------------------------------------
 (Depth) Function   	        Calls       Base Space   Used Autos Params    Refs
 ---------------------------------------------------------------------------------
 (2) _ISR                                                  3     3      0      15
                                              1 COMMON     3     3      0
                            _spiRead
                           _spiWrite
 ---------------------------------------------------------------------------------
 (3) _spiWrite                                             1     1      0      15
                                              0 COMMON     1     1      0
 ---------------------------------------------------------------------------------
 (3) _spiRead                                              0     0      0       0
 ---------------------------------------------------------------------------------
 Estimated maximum stack depth 3
 ---------------------------------------------------------------------------------

 Call Graph Graphs:

 _main (ROOT)
   _ADCInit
   _SPISlave

 _ISR (ROOT)
   _spiRead
   _spiWrite

 Address spaces:
Name               Size   Autos  Total    Cost      Usage
BITCOMMON            E      0       0       0        0.0%
EEDATA             100      0       0       0        0.0%
NULL                 0      0       0       0        0.0%
CODE                 0      0       0       0        0.0%
COMMON               E      8       A       1       71.4%
BITSFR0              0      0       0       1        0.0%
SFR0                 0      0       0       1        0.0%
BITSFR1              0      0       0       2        0.0%
SFR1                 0      0       0       2        0.0%
STACK                0      0       0       2        0.0%
ABS                  0      0       A       3        0.0%
BITBANK0            50      0       0       4        0.0%
BITSFR3              0      0       0       4        0.0%
SFR3                 0      0       0       4        0.0%
BANK0               50      0       0       5        0.0%
BITSFR2              0      0       0       5        0.0%
SFR2                 0      0       0       5        0.0%
BITBANK1            50      0       0       6        0.0%
BANK1               50      0       0       7        0.0%
BITBANK3            60      0       0       8        0.0%
BANK3               60      0       0       9        0.0%
BITBANK2            60      0       0      10        0.0%
BANK2               60      0       0      11        0.0%
DATA                 0      0       A      12        0.0%


Microchip Technology PIC Macro Assembler V2.31 build 20201012212115 
Symbol Table                                                                                   Wed Feb 24 15:29:51 2021

            _SSPSTATbits 0094                       l97 0048                       u40 004C  
                     u41 004B                       u97 0050                      l161 009E  
                    l185 00B7                      l900 0026                      l910 002E  
                    l902 0027                      l840 00AF                      l832 009F  
                    l920 0035                      l912 002F                      l904 0028  
                    l850 00B4                      l842 00B0                      l834 00A7  
                    l930 0044                      l922 0036                      l914 0030  
                    l906 002A                      l860 0093                      l852 0081  
                    l844 00B1                      l836 00AB                      l932 0047  
                    l924 0037                      l916 0031                      l908 002B  
                    l862 0094                      l854 0089                      l846 00B2  
                    l838 00AE                      l934 004C                      l926 003A  
                    l918 0032                      l864 0095                      l856 008F  
                    l848 00B3                      l928 003F                      l858 0090  
                    l890 001B                      l892 001C                      l884 0015  
                    l894 001D                      l886 0019                      l896 0021  
                    l888 001A                      l898 0022                      _RE0 0048  
                    _RE1 0049                      _RE2 004A                      u107 0099  
                    _ISR 0059          __end_of_ADCInit 009F                     ?_ISR 0070  
                   u2_20 00BE                     u2_21 00BD                     u5_20 005F  
                   u5_21 005E                     u6_20 0069                     u6_21 0068  
                   _main 0015                     btemp 007E                     start 000C  
                  ??_ISR 0071                    ?_main 0070                    _ANSEL 0188  
                  i1l107 0065                    i1l108 007A                    i1l191 00C1  
                  i1l194 00C7                    i1l188 00B8                    i1l940 0063  
                  i1l872 00C3                    i1l944 0069                    i1l936 0059  
                  i1l866 00B8                    i1l946 0071                    i1l938 005F  
                  i1l868 00BE                    i1l948 0077                    _RCREG 001A  
                  _RCSTA 0018                    _SPBRG 0099                    _PORTA 0005  
                  _PORTB 0006                    _PORTC 0007                    _PORTD 0008  
                  _PORTE 0009                    _TRISA 0085                    _TRISB 0086  
                  _TRISC 0087                    _TRISD 0088                    _TRISE 0089  
                  _SSPIF 0063                    _TXREG 0019                    _TXSTA 0098  
                  _dummy 0078         __end_of_SPISlave 00B8                    pclath 000A  
        __end_of_spiRead 00C2                    status 0003                    wtemp0 007E  
        __initialization 000F             __end_of_main 0059                ??_ADCInit 0074  
                 ??_main 0076                   _ADRESH 001E                   _ANSELH 0189  
                 _SPBRGH 009A                   _SSPBUF 0013                   saved_w 007E  
       __end_of_spiWrite 00C8                ??_spiRead 0070  __end_of__initialization 0011  
         __pcstackCOMMON 0070                ?_SPISlave 0070               __pmaintext 0015  
             __pintentry 0004                  _ADCInit 0081               ??_SPISlave 0074  
              ?_spiWrite 0070                  __ptext1 009F                  __ptext2 0081  
                __ptext3 0059                  __ptext4 00C2                  __ptext5 00B8  
           __size_of_ISR 0028                  _spiRead 00B8     end_of_initialization 0011  
             ??_spiWrite 0070                _TRISAbits 0085                _TRISCbits 0087  
            spiWrite@dat 0070                _TXSTAbits 0098              _BAUDCTLbits 0187  
      __size_of_SPISlave 0019      start_initialization 000F              __end_of_ISR 0081  
               ?_ADCInit 0070              __pbssCOMMON 0078                ___latbits 0002  
      __size_of_spiWrite 0006                 ?_spiRead 0070               _ADC1ADRESH 0079  
      interrupt_function 0004                 _PIE1bits 008C                 _PIR1bits 000C  
               _SPISlave 009F         __size_of_ADCInit 001E               _ADCON0bits 001F  
             _ADCON1bits 009F         __size_of_spiRead 000A            __size_of_main 0044  
               _spiWrite 00C2               _INTCONbits 000B                 intlevel1 0000  
             _OSCCONbits 008F               _SSPCONbits 0014  
